16:51:01.562  Ready. tap Start and wait for the QR code scanner to show up.
16:51:43.360  → starting Android Auto receiver (loopback self-mode). Ensure Android Auto is installed & set up.
16:51:43.414  [AA] foreground service up (wake lock held)
16:51:43.722  [VIDEO] configured Baseline@3.1
16:51:43.773  [VIDEO] encoder started 800x384 h264 30fps
16:51:43.783  [VIDEO] EXTERNAL source mode (Android Auto) — encoder input surface ready
16:51:43.876  [AA] Conscrypt installed as security provider (position: 1)
16:51:43.879  [AA] WirelessServer listening on :5288
16:51:44.297  [AA] launching Android Auto WirelessStartupActivity → 127.0.0.1:5288
16:51:44.306  [AA] Activity trigger failed (Permission Denial: starting Intent { flg=0x10000000 xflg=0x4 cmp=com.google.android.projection.gearhead/com.google.android.apps.auto.wireless.setup.service.impl.WirelessStartupActivity (has extras) } from ProcessRecord{a0eca3f 17029:dev.coletz.opencfmoto/u0a629} (pid=17029, uid=10629) not exported from uid 10171); trying broadcast fallback
16:51:44.318  [AA] broadcast fallback sent
16:51:44.846  [AA] <<< Android Auto connected from 127.0.0.1
16:51:44.994  [AA] starting AAP handshake (version + SSL)…
16:51:44.995  [AA] Start Aap transport handshake for dev.coletz.opencfmoto.aa.SocketAccessoryConnection@e1e55c
16:51:45.011  [AA] Handshake: Version response received (ret=12, attempt=1).
16:51:45.074  [AA] SSL handshake complete. Session id: Z908repSlHbWl47A0mJGHjOt1sVelFWAjsumfWRQGZg=
16:51:45.075  [AA] Handshake: Status OK sent (8). Handshake successful.
16:51:45.075  [AA] handshake OK — pointing decoder at encoder surface and starting read loop
16:51:45.075  [AA] New surface set: Surface(name=null mNativeObject=-5476376635659582704)/@0x538e065
16:51:45.075  [AA] Start Aap transport read loop
16:51:45.090  [AA] read loop started — expecting ServiceDiscovery then video
16:51:45.112  [AA] Service Discovery Request: Android
16:51:45.286  [AA] Audio Focus Request: RELEASE
16:51:45.292  [AA] Channel Open Request on chan 1 SENSOR
16:51:45.301  [AA] Channel Open Request on chan 3 INPUT
16:51:45.301  [AA] Channel Open Request on chan 2 VIDEO
16:51:45.302  [AA] Channel Open Request on chan 7 MIC
16:51:45.302  [AA] Channel Open Request on chan 5 AUDIO2
16:51:45.303  [AA] Sensor Start Request sensor: DRIVING_STATUS, minUpdatePeriod: 0
16:51:45.308  [AA] Media Sink Setup Request: 1 on channel AUDIO2
16:51:45.342  [AA] Config response: status: HEADUNIT
max_unacked: 16
configuration_indices: 0
 (maxUnacked=16)
16:51:45.343  [AA] W: AapVideo: Dropped Flag 11 packet. len=4
16:51:45.344  [AA] Media Sink Setup Request: 3 on channel VIDEO
16:51:45.344  [AA] Config response: status: HEADUNIT
max_unacked: 12
configuration_indices: 0
 (maxUnacked=12)
16:51:45.344  [AA] Video channel set up → sending VideoFocus GAIN
16:51:45.345  [AA] Sensor Start Request sensor: NIGHT, minUpdatePeriod: 0
16:51:45.394  [AA] W: AapVideo: Dropped Flag 11 packet. len=6
16:51:45.397  [AA] Media Start Request VIDEO: session=0, config_index=0
16:51:46.453  [AA] H.264 SPS parsed: 800x480
16:51:46.509  [AA] findBestCodec: hw=c2.exynos.h264.decoder, sw=c2.android.avc.decoder, preferHardware=true, selected=c2.exynos.h264.decoder
16:51:46.540  [AA] Configuring decoder: c2.exynos.h264.decoder for 800x480
16:51:46.558  [AA] Codec initialized: c2.exynos.h264.decoder
16:51:46.559  [AA] Output thread started
16:51:46.578  [AA] W: AapVideo: Dropped Flag 11 packet. len=6
16:51:46.580  [AA] RX: Video Focus Request - mode: VIDEO_FOCUS_PROJECTED, reason: UNKNOWN
16:51:46.583  [AA] Output Format Changed: {crop-right=799, max-height=480, sar-width=1, color-format=2130708361, mime=video/raw, cta861.max-cll=0.0, priority=0, color-standard=1, cta861.max-fall=0.0, color-transfer=3, sar-height=1, crop-bottom=479, max-width=800, crop-left=0, width=800, color-range=2, crop-top=0, rotation-degrees=0, height=480}
16:51:46.610  [VIDEO] got codec config (SPS/PPS) 28b
16:51:47.634  [AA] decode fps=21
16:51:48.644  [AA] decode fps=29
16:51:48.645  [AA] steady video reached (fps=29) — signalling ready for bike hand-off
16:51:48.650  → Android Auto video is live — opening bike QR scanner
16:51:49.657  [AA] decode fps=30
16:51:50.273  QR raw: http://www.carbit.com.cn/downsdk/657/658/_sdk?modelid=37426&sn=xLas&action=1&ssid=CFMOTO1565&pwd=94cdfdb4&uid=6WWV0000AL3B734070000418
16:51:50.285  QR parsed: ssid=CFMOTO1565 mac=null action=1 (ap=true, p2p=false) modelId=37426 sn=xLas
16:51:50.298  requesting Wi-Fi join: CFMOTO1565 …
16:51:50.795  [AA] decode fps=20
16:51:51.817  [AA] decode fps=24
16:51:52.874  [AA] decode fps=19
16:51:53.907  [AA] decode fps=28
16:51:54.934  [AA] decode fps=30
16:51:55.943  Wi-Fi joined: CFMOTO1565 (network=364, bound)
16:51:55.943  → Wi-Fi bound; starting EasyConn PXC flow …
16:51:55.944  ---- environment ----
16:51:55.944  Build: Google Pixel 9 / Android 16 (SDK 36)
16:51:55.955  linkProps iface=wlan1 addrs=[fe80::2012:8cff:fe74:25e3/64, 192.168.43.101/24] routes=[fe80::/64 -> :: wlan1 mtu 0, 192.168.43.0/24 -> 0.0.0.0 wlan1 mtu 0, 0.0.0.0/0 -> 192.168.43.1 wlan1 mtu 0]
16:51:55.960  ---------------------
16:51:55.965  our IP=192.168.43.101  bike IP=192.168.43.1
16:51:55.971  [AA] decode fps=28
16:51:55.974  bind :10922 failed: bind failed: EADDRINUSE (Address already in use)
16:51:55.977  bind :10921 failed: bind failed: EADDRINUSE (Address already in use)
16:51:55.979  bind :10920 failed: bind failed: EADDRINUSE (Address already in use)
16:51:55.980  listening on 192.168.43.101 ports [10922, 10921, 10920]
16:51:55.983  [PROBE] connect #1 -> 192.168.43.1:10930
16:51:55.999  [PROBE] -> MDNS_RESPOND (0x70000010) {"phoneType":"Android","packageName":"com.cfmoto.cfmotointernational"}
16:51:56.029  [PROBE] <- cmd=0x70000011 {"status":true}

16:51:56.031  [PROBE] *** accepted — bike should now connect back to our ports ***
16:51:56.998  [AA] decode fps=31
16:51:57.031  [AA] NSD registered: AAWireless
16:51:58.031  [AA] decode fps=30
16:51:59.096  [AA] decode fps=29
16:52:00.127  [AA] decode fps=31
16:52:00.984  hb#1 probed=true video=false framesSent=0 openServers=0
16:52:01.129  [AA] decode fps=29
16:52:02.154  [AA] decode fps=30
16:52:03.157  [AA] decode fps=29
16:52:04.194  [AA] decode fps=29
16:52:05.209  [AA] decode fps=29
16:52:05.986  hb#2 probed=true video=false framesSent=0 openServers=0
16:52:06.246  [AA] decode fps=29
16:52:07.262  [AA] decode fps=30
16:52:08.268  [AA] decode fps=29
16:52:09.288  [AA] decode fps=30
16:52:10.326  [AA] decode fps=29
16:52:10.990  hb#3 probed=true video=false framesSent=0 openServers=0
16:52:11.351  [AA] decode fps=30
16:52:12.360  [AA] decode fps=28
16:52:13.367  [AA] decode fps=28
16:52:14.375  [AA] decode fps=22
16:52:15.399  [AA] decode fps=22
16:52:15.991  hb#4 probed=true video=false framesSent=0 openServers=0
16:52:16.422  [AA] decode fps=30
16:52:17.459  [AA] decode fps=29
16:52:18.496  [AA] decode fps=29
16:52:19.499  [AA] decode fps=29
16:52:20.321  → starting Android Auto receiver (loopback self-mode). Ensure Android Auto is installed & set up.
16:52:20.337  [AA] foreground service up (wake lock held)
16:52:20.339  [AA] receiver already started
16:52:20.519  [AA] decode fps=30
16:52:20.993  hb#5 probed=true video=false framesSent=0 openServers=0
16:52:21.232  [AA] launching Android Auto WirelessStartupActivity → 127.0.0.1:5288
16:52:21.241  [AA] Activity trigger failed (Permission Denial: starting Intent { flg=0x10000000 xflg=0x4 cmp=com.google.android.projection.gearhead/com.google.android.apps.auto.wireless.setup.service.impl.WirelessStartupActivity (has extras) } from ProcessRecord{a0eca3f 17029:dev.coletz.opencfmoto/u0a629} (pid=17029, uid=10629) not exported from uid 10171); trying broadcast fallback
16:52:21.251  [AA] broadcast fallback sent
16:52:21.509  [AA] <<< Android Auto connected from 127.0.0.1
16:52:21.510  [AA] already have a session — dropping extra connection
16:52:21.531  [AA] decode fps=29
16:52:23.183  [AA] AapRead: Connection closed (EOF). Disconnecting.
16:52:23.183  [AA] Quitting because ret < 0 (-1)
16:52:23.184  [AA] AapTransport quitting (clean=false)
16:52:23.184  [AA] transport quit (clean=false, userExit=false)
16:52:24.775  [AA] W: Decoder stall detected (no output for 3008ms). Forcing restart.
16:52:24.778  [AA] Output thread stopped
16:52:25.995  hb#6 probed=true video=false framesSent=0 openServers=0
16:52:30.998  hb#7 probed=true video=false framesSent=0 openServers=0
16:52:36.002  hb#8 probed=true video=false framesSent=0 openServers=0
