16:23:18.470  → starting Android Auto receiver (loopback self-mode). Ensure Android Auto is installed & set up.
16:23:18.492  [AA] foreground service up (wake lock held)
16:23:18.545  [VIDEO] configured Baseline@3.1
16:23:18.606  [VIDEO] encoder started 800x384 h264 30fps
16:23:18.609  [VIDEO] EXTERNAL source mode (Android Auto) — encoder input surface ready
16:23:18.617  [AA] WirelessServer listening on :5288
16:23:19.387  [AA] launching Android Auto WirelessStartupActivity → 127.0.0.1:5288
16:23:19.400  [AA] Activity trigger failed (Permission Denial: starting Intent { flg=0x10000000 xflg=0x4 cmp=com.google.android.projection.gearhead/com.google.android.apps.auto.wireless.setup.service.impl.WirelessStartupActivity (has extras) } from ProcessRecord{de93006 31635:dev.coletz.opencfmoto/u0a627} (pid=31635, uid=10627) not exported from uid 10171); trying broadcast fallback
16:23:19.415  [AA] broadcast fallback sent
16:23:19.513  [AA] NSD registered: AAWireless
16:23:19.737  [AA] <<< Android Auto connected from 127.0.0.1
16:23:19.804  [AA] starting AAP handshake (version + SSL)…
16:23:19.805  [AA] Start Aap transport handshake for dev.coletz.opencfmoto.aa.SocketAccessoryConnection@61c483a
16:23:20.071  [AA] Handshake: Version response received (ret=12, attempt=1).
16:23:20.124  [AA] SSL handshake complete. Session id: brfBxLOqk2fHFPXL408XHOABm7xNGuIXJi9buE1M4vw=
16:23:20.125  [AA] Handshake: Status OK sent (8). Handshake successful.
16:23:20.125  [AA] handshake OK — pointing decoder at encoder surface and starting read loop
16:23:20.125  [AA] New surface set: Surface(name=null mNativeObject=-5476376635659206960)/@0xee89ceb
16:23:20.125  [AA] Start Aap transport read loop
16:23:20.125  [AA] read loop started — expecting ServiceDiscovery then video
16:23:20.139  [AA] Service Discovery Request: Android
16:23:20.423  [AA] Channel Open Request on chan 1 SENSOR
16:23:20.426  [AA] Audio Focus Request: RELEASE
16:23:20.434  [AA] Channel Open Request on chan 2 VIDEO
16:23:20.436  [AA] Channel Open Request on chan 3 INPUT
16:23:20.440  [AA] Channel Open Request on chan 5 AUDIO2
16:23:20.441  [AA] Channel Open Request on chan 7 MIC
16:23:20.446  [AA] Sensor Start Request sensor: DRIVING_STATUS, minUpdatePeriod: 0
16:23:20.453  [AA] Media Sink Setup Request: 1 on channel AUDIO2
16:23:20.454  [AA] Config response: status: HEADUNIT
max_unacked: 16
configuration_indices: 0
 (maxUnacked=16)
16:23:20.459  [AA] W: AapVideo: Dropped Flag 11 packet. len=4
16:23:20.462  [AA] Media Sink Setup Request: 3 on channel VIDEO
16:23:20.464  [AA] Config response: status: HEADUNIT
max_unacked: 12
configuration_indices: 0
 (maxUnacked=12)
16:23:20.465  [AA] Video channel set up → sending VideoFocus GAIN
16:23:20.472  [AA] Sensor Start Request sensor: NIGHT, minUpdatePeriod: 0
16:23:20.486  [AA] W: AapVideo: Dropped Flag 11 packet. len=6
16:23:20.487  [AA] Media Start Request VIDEO: session=0, config_index=0
16:23:22.307  [AA] W: AapVideo: Dropped Flag 11 packet. len=6
16:23:22.308  [AA] RX: Video Focus Request - mode: VIDEO_FOCUS_PROJECTED, reason: UNKNOWN
16:23:22.319  [AA] H.264 SPS parsed: 800x480
16:23:22.319  [AA] findBestCodec: hw=c2.exynos.h264.decoder, sw=c2.android.avc.decoder, preferHardware=true, selected=c2.exynos.h264.decoder
16:23:22.367  [AA] Configuring decoder: c2.exynos.h264.decoder for 800x480
16:23:22.390  [AA] Codec initialized: c2.exynos.h264.decoder
16:23:22.398  [AA] Output thread started
16:23:22.468  [AA] Output Format Changed: {crop-right=799, max-height=480, sar-width=1, color-format=2130708361, mime=video/raw, cta861.max-cll=0.0, priority=0, color-standard=1, cta861.max-fall=0.0, color-transfer=3, sar-height=1, crop-bottom=479, max-width=800, crop-left=0, width=800, color-range=2, crop-top=0, rotation-degrees=0, height=480}
16:23:22.535  [VIDEO] got codec config (SPS/PPS) 28b
16:23:23.650  [AA] decode fps=10
16:23:24.688  [AA] decode fps=22
16:23:25.706  [AA] decode fps=25
16:23:25.707  [AA] steady video reached (fps=25) — signalling ready for bike hand-off
16:23:25.713  → Android Auto video is live — opening bike QR scanner
16:23:26.717  [AA] decode fps=29
16:23:27.723  [AA] decode fps=29
16:23:28.725  [AA] decode fps=26
16:23:29.730  [AA] decode fps=29
16:23:30.069  QR raw: http://www.carbit.com.cn/downsdk/657/658/_sdk?modelid=37426&sn=ALu6&action=1&ssid=CFMOTO1565&pwd=94cdfdb4&uid=6WWV0000AL3B734070000418
16:23:30.075  QR parsed: ssid=CFMOTO1565 mac=null action=1 (ap=true, p2p=false) modelId=37426 sn=ALu6
16:23:30.080  requesting Wi-Fi join: CFMOTO1565 …
16:23:30.759  [AA] decode fps=28
16:23:31.762  [AA] decode fps=29
16:23:32.078  Wi-Fi joined: CFMOTO1565 (network=361, bound)
16:23:32.079  → Wi-Fi bound; starting EasyConn PXC flow …
16:23:32.079  ---- environment ----
16:23:32.079  Build: Google Pixel 9 / Android 16 (SDK 36)
16:23:32.080  linkProps iface=wlan1 addrs=[fe80::2012:8cff:fe74:25e3/64, 192.168.43.101/24] routes=[fe80::/64 -> :: wlan1 mtu 0, 192.168.43.0/24 -> 0.0.0.0 wlan1 mtu 0, 0.0.0.0/0 -> 192.168.43.1 wlan1 mtu 0]
16:23:32.080  ---------------------
16:23:32.088  our IP=192.168.43.101  bike IP=192.168.43.1
16:23:32.093  listening on 192.168.43.101 ports [10922, 10921, 10920]
16:23:32.795  [AA] decode fps=28
16:23:33.795  [AA] decode fps=30
16:23:34.807  [AA] decode fps=29
16:23:35.808  [AA] decode fps=27
16:23:36.817  [AA] decode fps=28
16:23:37.095  hb#1 probed=true video=false framesSent=0 openServers=3
16:23:37.841  [AA] decode fps=30
16:23:38.876  [AA] decode fps=29
16:23:39.909  [AA] decode fps=30
16:23:40.936  [AA] decode fps=29
16:23:41.946  [AA] decode fps=29
16:23:42.096  hb#2 probed=true video=false framesSent=0 openServers=3
16:23:43.000  [AA] decode fps=27
16:23:44.007  [AA] decode fps=30
