16:55:57.557  → starting Android Auto receiver (loopback self-mode). Ensure Android Auto is installed & set up.
16:55:57.576  [AA] foreground service up (wake lock held)
16:55:57.667  [VIDEO] configured Baseline@3.1
16:55:57.718  [VIDEO] encoder started 800x384 h264 30fps
16:55:57.725  [VIDEO] EXTERNAL source mode (Android Auto) — encoder input surface ready
16:55:57.729  [AA] WirelessServer listening on :5288
16:55:58.466  [AA] launching Android Auto WirelessStartupActivity → 127.0.0.1:5288
16:55:58.481  [AA] Activity trigger failed (Permission Denial: starting Intent { flg=0x10000000 xflg=0x4 cmp=com.google.android.projection.gearhead/com.google.android.apps.auto.wireless.setup.service.impl.WirelessStartupActivity (has extras) } from ProcessRecord{a0eca3f 17029:dev.coletz.opencfmoto/u0a629} (pid=17029, uid=10629) not exported from uid 10171); trying broadcast fallback
16:55:58.486  [AA] broadcast fallback sent
16:55:58.646  [AA] <<< Android Auto connected from 127.0.0.1
16:55:58.663  [AA] NSD registered: AAWireless
16:55:58.731  [AA] starting AAP handshake (version + SSL)…
16:55:58.731  [AA] Start Aap transport handshake for dev.coletz.opencfmoto.aa.SocketAccessoryConnection@63ab1dc
16:55:58.736  [AA] Handshake: Version response received (ret=12, attempt=1).
16:55:58.762  [AA] SSL handshake complete. Session id: cXRwvO5BKqz5nVWY0DvXl4EtNNXZ9rGn2ch/Ex1cESA=
16:55:58.762  [AA] Handshake: Status OK sent (8). Handshake successful.
16:55:58.762  [AA] handshake OK — pointing decoder at encoder surface and starting read loop
16:55:58.763  [AA] New surface set: Surface(name=null mNativeObject=-5476376635658893840)/@0x556f2e5
16:55:58.763  [AA] Start Aap transport read loop
16:55:58.763  [AA] read loop started — expecting ServiceDiscovery then video
16:55:58.790  [AA] Service Discovery Request: Android
16:55:58.932  [AA] Audio Focus Request: RELEASE
16:55:58.964  [AA] Channel Open Request on chan 1 SENSOR
16:55:58.980  [AA] Channel Open Request on chan 2 VIDEO
16:55:58.981  [AA] Channel Open Request on chan 3 INPUT
16:55:59.001  [AA] Channel Open Request on chan 5 AUDIO2
16:55:59.002  [AA] Channel Open Request on chan 7 MIC
16:55:59.002  [AA] W: AapVideo: Dropped Flag 11 packet. len=4
16:55:59.002  [AA] Media Sink Setup Request: 3 on channel VIDEO
16:55:59.007  [AA] Config response: status: HEADUNIT
max_unacked: 12
configuration_indices: 0
 (maxUnacked=12)
16:55:59.008  [AA] Video channel set up → sending VideoFocus GAIN
16:55:59.010  [AA] Media Sink Setup Request: 1 on channel AUDIO2
16:55:59.011  [AA] Config response: status: HEADUNIT
max_unacked: 16
configuration_indices: 0
 (maxUnacked=16)
16:55:59.013  [AA] Sensor Start Request sensor: DRIVING_STATUS, minUpdatePeriod: 0
16:55:59.023  [AA] W: AapVideo: Dropped Flag 11 packet. len=6
16:55:59.023  [AA] Media Start Request VIDEO: session=0, config_index=0
16:55:59.048  [AA] Sensor Start Request sensor: NIGHT, minUpdatePeriod: 0
16:56:00.055  [AA] W: AapVideo: Dropped Flag 11 packet. len=6
16:56:00.057  [AA] RX: Video Focus Request - mode: VIDEO_FOCUS_PROJECTED, reason: UNKNOWN
16:56:00.094  [AA] H.264 SPS parsed: 800x480
16:56:00.095  [AA] findBestCodec: hw=c2.exynos.h264.decoder, sw=c2.android.avc.decoder, preferHardware=true, selected=c2.exynos.h264.decoder
16:56:00.120  [AA] Configuring decoder: c2.exynos.h264.decoder for 800x480
16:56:00.167  [AA] Codec initialized: c2.exynos.h264.decoder
16:56:00.168  [AA] Output thread started
16:56:00.209  [AA] Output Format Changed: {crop-right=799, max-height=480, sar-width=1, color-format=2130708361, mime=video/raw, cta861.max-cll=0.0, priority=0, color-standard=1, cta861.max-fall=0.0, color-transfer=3, sar-height=1, crop-bottom=479, max-width=800, crop-left=0, width=800, color-range=2, crop-top=0, rotation-degrees=0, height=480}
16:56:00.243  [VIDEO] got codec config (SPS/PPS) 28b
16:56:01.240  [AA] decode fps=17
16:56:02.243  [AA] decode fps=27
16:56:02.244  [AA] steady video reached (fps=27) — signalling ready for bike hand-off
16:56:02.258  → Android Auto video is live — opening bike QR scanner
16:56:03.269  [AA] decode fps=31
16:56:04.274  [AA] decode fps=29
16:56:05.287  [AA] decode fps=29
16:56:05.327  QR raw: http://www.carbit.com.cn/downsdk/657/658/_sdk?modelid=37426&sn=xLas&action=1&ssid=CFMOTO1565&pwd=94cdfdb4&uid=6WWV0000AL3B734070000418
16:56:05.333  QR parsed: ssid=CFMOTO1565 mac=null action=1 (ap=true, p2p=false) modelId=37426 sn=xLas
16:56:05.357  requesting Wi-Fi join: CFMOTO1565 …
16:56:06.308  [AA] decode fps=24
16:56:07.311  [AA] decode fps=32
16:56:08.073  Wi-Fi joined: CFMOTO1565 (network=369, bound)
16:56:08.075  → Wi-Fi bound; starting EasyConn PXC flow …
16:56:08.075  ---- environment ----
16:56:08.093  Build: Google Pixel 9 / Android 16 (SDK 36)
16:56:08.100  linkProps iface=wlan1 addrs=[fe80::2012:8cff:fe74:25e3/64, 192.168.43.101/24] routes=[fe80::/64 -> :: wlan1 mtu 0, 192.168.43.0/24 -> 0.0.0.0 wlan1 mtu 0, 0.0.0.0/0 -> 192.168.43.1 wlan1 mtu 0]
16:56:08.100  ---------------------
16:56:08.101  our IP=192.168.43.101  bike IP=192.168.43.1
16:56:08.107  listening on 192.168.43.101 ports [10922, 10921, 10920]
16:56:08.111  [PROBE] connect #1 -> 192.168.43.1:10930
16:56:08.144  [PROBE] -> MDNS_RESPOND (0x70000010) {"phoneType":"Android","packageName":"com.cfmoto.cfmotointernational"}
16:56:08.158  [PROBE] <- cmd=0x70000011 {"status":true}

16:56:08.159  [PROBE] *** accepted — bike should now connect back to our ports ***
16:56:08.170  [:10922] <<< bike connected from /192.168.43.1:58934
16:56:08.174  [:10922] framing=CmdBaseHead (PXC control)
16:56:08.174  [:10922] bike selected CAR_CTRL (0x10000) → ack 0x10001
16:56:08.179  [:10922] *** CLIENT_INFO from bike *** {
   "HUID" : "6WWV0000AL3B734070000418",
   "HUName" : "Android_5d5a",
   "bluetoothPolicy" : 2,
   "btAddress" : "",
   "btName" : "",
   "btPin" : "",
   "carBrand" : "test-car-brand",
   "carConfig" : "test-car-config",
   "carMicSupportFeature" : 0,
   "carModel" : "test-car-model",
   "channel" : "37426",
   "currentHUTime" : 314306,
   "disablePageInRVMap" : 0,
   "disableShowCallInfo" : false,
   "disableVR" : false,
   "dpi" : 0,
   "enableDPI" : false,
   "enableSockServerAuth" : true,
   "flavor" : 65540,
   "mirrorMode" : 0,
   "package_name" : "com.cfmoto.easyconnect",
   "productType" : 3,
   "pxcVersion" : "1.0.2",
   "screenType" : 1,
   "sdkVersion" : "1.1.2",
   "socketTimeoutPeriodWifi" : 9,
   "steeringMode" : 0,
   "supportBTCall" : false,
   "supportBTSetting" : false,
   "supportBackDesktop" : false,
   "supportBackDesktopNew" : false,
   "supportConnect" : 776,
   "supportDownloadScreenEvt" : true,
   "supportFunction" : 128,
   "supportHID" : true,
   "supportLandscapeAdaptive" : true,
   "supportMic" : false,
   "supportMirrorOverlayTouch" : true,
   "supportMirrorReconnect" : true,
   "supportOTASpeenUp" : true,
   "supportOTAUpdate" : true,
   "supportPhoneSignal" : true,
   "supportRVForAdb" : false,
   "supportScreenMirroring" : true,
   "supportScreenTouch" : true,
   "supportSpeechEngine" : 2,
   "supportSyncCorrectTime" : true,
   "supportThirdPartyApp" : false,
   "transportType" : 2,
   "useBTCallRecords" : false,
   "uuid" : "xLas",
   "version_code" : "0",
   "version_name" : "CFDL26.2.3.0.5",
   "wakeupWord" : ""
}

16:56:08.179  [:10922] carHuid=6WWV0000AL3B734070000418 HUName=Android_5d5a channel=37426
16:56:08.191  [:10922] → CLIENT_INFO reply {"pxcVersion":"1.0.2","phoneUUID":"de267e91-0a26-4c1d-ab60-7c6ccc71d0f4","phoneBrand":"google","phoneModel":"Pixel 9","phoneOsVersion":"36","phoneOs":"Android","package":"com.cfmot…
16:56:08.195  [:10922] QUERY_SPEED {
   "usbSpeed" : 0,
   "wifiSpeed" : 0
}
 → reply 0x10691
16:56:08.203  [:10922] <<< bike connected from /192.168.43.1:58936
16:56:08.204  [:10922] framing=CmdBaseHead (PXC control)
16:56:08.205  [:10922] bike selected CAR_DATA (0x20000) → ack 0x20001
16:56:08.214  [:10922] cmd=0x103a0 (?) len=85 {
   "port" : 11021,
   "pwd" : "$Siwei2018@",
   "userName" : "carbit_ec_ftp_ota"
}

16:56:08.350  [AA] decode fps=29
16:56:09.356  [AA] decode fps=29
16:56:10.360  [AA] decode fps=29
16:56:11.377  [AA] decode fps=29
16:56:12.381  [AA] decode fps=30
16:56:13.114  hb#1 probed=true video=false framesSent=0 openServers=3
16:56:13.415  [AA] decode fps=29
16:56:14.433  [AA] decode fps=31
16:56:15.475  [AA] decode fps=28
