17:09:22.259  → starting Android Auto receiver (loopback self-mode). Ensure Android Auto is installed & set up.
17:09:22.274  [AA] foreground service up (wake lock held)
17:09:22.349  [VIDEO] configured Baseline@3.1
17:09:22.394  [VIDEO] encoder started 800x384 h264 30fps
17:09:22.403  [VIDEO] EXTERNAL source mode (Android Auto) — encoder input surface ready
17:09:22.415  [AA] WirelessServer listening on :5288
17:09:23.168  [AA] launching Android Auto WirelessStartupActivity → 127.0.0.1:5288
17:09:23.182  [AA] Activity trigger failed (Permission Denial: starting Intent { flg=0x10000000 xflg=0x4 cmp=com.google.android.projection.gearhead/com.google.android.apps.auto.wireless.setup.service.impl.WirelessStartupActivity (has extras) } from ProcessRecord{e6fa029 2452:dev.coletz.opencfmoto/u0a631} (pid=2452, uid=10631) not exported from uid 10171); trying broadcast fallback
17:09:23.188  [AA] broadcast fallback sent
17:09:23.354  [AA] <<< Android Auto connected from 127.0.0.1
17:09:23.415  [AA] starting AAP handshake (version + SSL)…
17:09:23.416  [AA] Start Aap transport handshake for dev.coletz.opencfmoto.aa.SocketAccessoryConnection@4d052d8
17:09:23.424  [AA] Handshake: Version response received (ret=12, attempt=1).
17:09:23.457  [AA] SSL handshake complete. Session id: SrEx+O1qqNs9gW4o1tlE8f5DRs6CScQBefj5QF6EYtU=
17:09:23.459  [AA] Handshake: Status OK sent (8). Handshake successful.
17:09:23.459  [AA] handshake OK — pointing decoder at encoder surface and starting read loop
17:09:23.460  [AA] New surface set: Surface(name=null mNativeObject=-5476376635658869120)/@0x1014631
17:09:23.460  [AA] Start Aap transport read loop
17:09:23.460  [AA] read loop started — expecting ServiceDiscovery then video
17:09:23.493  [AA] Service Discovery Request: Android
17:09:23.681  [AA] Channel Open Request on chan 1 SENSOR
17:09:23.682  [AA] Audio Focus Request: RELEASE
17:09:23.688  [AA] Channel Open Request on chan 2 VIDEO
17:09:23.689  [AA] Channel Open Request on chan 3 INPUT
17:09:23.693  [AA] Channel Open Request on chan 5 AUDIO2
17:09:23.695  [AA] Channel Open Request on chan 7 MIC
17:09:23.697  [AA] W: AapVideo: Dropped Flag 11 packet. len=4
17:09:23.697  [AA] Media Sink Setup Request: 3 on channel VIDEO
17:09:23.701  [AA] Config response: status: HEADUNIT
max_unacked: 12
configuration_indices: 0
 (maxUnacked=12)
17:09:23.701  [AA] Video channel set up → sending VideoFocus GAIN
17:09:23.701  [AA] Sensor Start Request sensor: DRIVING_STATUS, minUpdatePeriod: 0
17:09:23.702  [AA] Media Sink Setup Request: 1 on channel AUDIO2
17:09:23.704  [AA] Config response: status: HEADUNIT
max_unacked: 16
configuration_indices: 0
 (maxUnacked=16)
17:09:23.707  [AA] Sensor Start Request sensor: NIGHT, minUpdatePeriod: 0
17:09:23.715  [AA] W: AapVideo: Dropped Flag 11 packet. len=6
17:09:23.715  [AA] Media Start Request VIDEO: session=0, config_index=0
17:09:24.874  [AA] W: AapVideo: Dropped Flag 11 packet. len=6
17:09:24.874  [AA] RX: Video Focus Request - mode: VIDEO_FOCUS_PROJECTED, reason: UNKNOWN
17:09:24.895  [AA] H.264 SPS parsed: 800x480
17:09:24.895  [AA] findBestCodec: hw=c2.exynos.h264.decoder, sw=c2.android.avc.decoder, preferHardware=true, selected=c2.exynos.h264.decoder
17:09:24.919  [AA] Configuring decoder: c2.exynos.h264.decoder for 800x480
17:09:24.939  [AA] Codec initialized: c2.exynos.h264.decoder
17:09:24.939  [AA] Output thread started
17:09:24.965  [AA] Output Format Changed: {crop-right=799, max-height=480, sar-width=1, color-format=2130708361, mime=video/raw, cta861.max-cll=0.0, priority=0, color-standard=1, cta861.max-fall=0.0, color-transfer=3, sar-height=1, crop-bottom=479, max-width=800, crop-left=0, width=800, color-range=2, crop-top=0, rotation-degrees=0, height=480}
17:09:24.997  [VIDEO] got codec config (SPS/PPS) 28b
17:09:25.999  [AA] decode fps=23
17:09:27.007  [AA] decode fps=30
17:09:27.010  [AA] steady video reached (fps=30) — signalling ready for bike hand-off
17:09:27.026  → Android Auto video is live — opening bike QR scanner
17:09:27.850  QR raw: http://www.carbit.com.cn/downsdk/657/658/_sdk?modelid=37426&sn=CzCi&action=1&ssid=CFMOTO1565&pwd=94cdfdb4&uid=6WWV0000AL3B734070000418
17:09:27.854  QR parsed: ssid=CFMOTO1565 mac=null action=1 (ap=true, p2p=false) modelId=37426 sn=CzCi
17:09:27.857  requesting Wi-Fi join: CFMOTO1565 …
17:09:28.023  [AA] decode fps=29
17:09:29.034  [AA] decode fps=24
17:09:30.064  [AA] decode fps=30
17:09:30.103  Wi-Fi joined: CFMOTO1565 (network=378, bound)
17:09:30.104  → Wi-Fi bound; starting EasyConn PXC flow …
17:09:30.104  ---- environment ----
17:09:30.104  Build: Google Pixel 9 / Android 16 (SDK 36)
17:09:30.105  linkProps iface=wlan1 addrs=[fe80::2012:8cff:fe74:25e3/64, 192.168.43.101/24] routes=[fe80::/64 -> :: wlan1 mtu 0, 192.168.43.0/24 -> 0.0.0.0 wlan1 mtu 0, 0.0.0.0/0 -> 192.168.43.1 wlan1 mtu 0]
17:09:30.105  ---------------------
17:09:30.106  our IP=192.168.43.101  bike IP=192.168.43.1
17:09:30.111  listening on 192.168.43.101 ports [10922, 10921, 10920]
17:09:30.117  [PROBE] connect #1 -> 192.168.43.1:10930
17:09:30.129  [PROBE] -> MDNS_RESPOND (0x70000010) {"phoneType":"Android","packageName":"com.cfmoto.cfmotointernational"}
17:09:30.153  [:10922] <<< bike connected from /192.168.43.1:42368
17:09:30.156  [PROBE] <- cmd=0x70000011 {"status":true}

17:09:30.159  [PROBE] *** accepted — bike should now connect back to our ports ***
17:09:30.161  [:10922] framing=CmdBaseHead (PXC control)
17:09:30.170  [:10922] bike selected CAR_CTRL (0x10000) → ack 0x10001
17:09:30.194  [:10922] *** CLIENT_INFO from bike *** {
   "HUID" : "6WWV0000AL3B734070000418",
   "HUName" : "Android_5d5a",
   "bluetoothPolicy" : 2,
   "btAddress" : "",
   "btName" : "",
   "btPin" : "",
   "carBrand" : "test-car-brand",
   "carConfig" : "test-car-config",
   "carMicSupportFeature" : 0,
   "carModel" : "test-car-model",
   "channel" : "37426",
   "currentHUTime" : 149859,
   "disablePageInRVMap" : 0,
   "disableShowCallInfo" : false,
   "disableVR" : false,
   "dpi" : 0,
   "enableDPI" : false,
   "enableSockServerAuth" : true,
   "flavor" : 65540,
   "mirrorMode" : 0,
   "package_name" : "com.cfmoto.easyconnect",
   "productType" : 3,
   "pxcVersion" : "1.0.2",
   "screenType" : 1,
   "sdkVersion" : "1.1.2",
   "socketTimeoutPeriodWifi" : 9,
   "steeringMode" : 0,
   "supportBTCall" : false,
   "supportBTSetting" : false,
   "supportBackDesktop" : false,
   "supportBackDesktopNew" : false,
   "supportConnect" : 776,
   "supportDownloadScreenEvt" : true,
   "supportFunction" : 128,
   "supportHID" : true,
   "supportLandscapeAdaptive" : true,
   "supportMic" : false,
   "supportMirrorOverlayTouch" : true,
   "supportMirrorReconnect" : true,
   "supportOTASpeenUp" : true,
   "supportOTAUpdate" : true,
   "supportPhoneSignal" : true,
   "supportRVForAdb" : false,
   "supportScreenMirroring" : true,
   "supportScreenTouch" : true,
   "supportSpeechEngine" : 2,
   "supportSyncCorrectTime" : true,
   "supportThirdPartyApp" : false,
   "transportType" : 2,
   "useBTCallRecords" : false,
   "uuid" : "CzCi",
   "version_code" : "0",
   "version_name" : "CFDL26.2.3.0.5",
   "wakeupWord" : ""
}

17:09:30.195  [:10922] carHuid=6WWV0000AL3B734070000418 HUName=Android_5d5a channel=37426
17:09:30.198  [:10922] → CLIENT_INFO reply {"pxcVersion":"1.0.2","phoneUUID":"487dd66d-8c98-48ca-a904-cf992d1c8f69","phoneBrand":"google","phoneModel":"Pixel 9","phoneOsVersion":"36","phoneOs":"Android","package":"com.cfmot…
17:09:30.203  [:10922] QUERY_SPEED {
   "usbSpeed" : 0,
   "wifiSpeed" : 0
}
 → reply 0x10691
17:09:30.214  [:10922] <<< bike connected from /192.168.43.1:42370
17:09:30.215  [:10922] framing=CmdBaseHead (PXC control)
17:09:30.215  [:10922] bike selected CAR_DATA (0x20000) → ack 0x20001
17:09:30.221  [:10922] FTP_INFO {
   "port" : 11021,
   "pwd" : "$Siwei2018@",
   "userName" : "carbit_ec_ftp_ota"
}
 → reply 0x103a1
17:09:30.228  [:10922] CHECK_SN from bike: {
   "client_set" : "easy_conn",
   "sn" : "G99DW4PL53CSYZCZTFCE"
}

17:09:30.229  [:10922] → CHECK_SN_RESULT {"isOk":true,"errCode":0,"errMsg":"","id":"G99DW4PL53CSYZCZTFCE","client_set":"easy_conn"}
17:09:30.238  [:10922] cmd=0x10020 (?) len=104 {
   "autoChangeToBT" : false,
   "music" : true,
   "talkie" : true,
   "tts" : true,
   "vr" : true
}

17:09:30.240  [:10922] cmd=0x10020 (?) len=104 {
   "autoChangeToBT" : false,
   "music" : true,
   "talkie" : true,
   "tts" : true,
   "vr" : true
}

17:09:31.097  [AA] decode fps=29
17:09:31.134  [AA] NSD registered: AAWireless
17:09:32.135  [AA] decode fps=29
17:09:33.163  [AA] decode fps=29
17:09:34.165  [AA] decode fps=29
17:09:35.115  hb#1 probed=true video=false framesSent=0 openServers=3
17:09:35.182  [AA] decode fps=30
17:09:36.201  [AA] decode fps=28
17:09:37.209  [AA] decode fps=30
17:09:38.215  [AA] decode fps=29
17:09:38.390  [AA] <<< Android Auto connected from 127.0.0.1
17:09:38.393  [AA] already have a session — dropping extra connection
17:09:39.244  [AA] decode fps=22
17:09:40.119  hb#2 probed=true video=false framesSent=0 openServers=3
17:09:40.432  [AA] AapRead: Connection closed (EOF). Disconnecting.
17:09:40.434  [AA] Quitting because ret < 0 (-1)
17:09:40.435  [AA] AapTransport quitting (clean=false)
17:09:40.435  [AA] transport quit (clean=false, userExit=false)
17:09:40.637  [:10922] bike closed
17:09:41.353  [:10922] bike closed
17:09:42.252  [AA] W: Decoder stall detected (no output for 3009ms). Forcing restart.
17:09:42.253  [AA] Output thread stopped
17:09:45.120  hb#3 probed=true video=false framesSent=0 openServers=3
17:09:45.548  [AA] <<< Android Auto connected from 127.0.0.1
17:09:46.024  [AA] starting AAP handshake (version + SSL)…
17:09:46.029  [AA] Start Aap transport handshake for dev.coletz.opencfmoto.aa.SocketAccessoryConnection@c9dc66f
17:09:46.050  [AA] Handshake: Version response received (ret=12, attempt=1).
17:09:46.203  [AA] SSL handshake complete. Session id: /h1BJeR+1lKS6zmmFFoZxw9mvQ5m36iOPi7ZgYzOQBE=
17:09:46.209  [AA] Handshake: Status OK sent (8). Handshake successful.
17:09:46.209  [AA] handshake OK — pointing decoder at encoder surface and starting read loop
17:09:46.209  [AA] Start Aap transport read loop
17:09:46.209  [AA] read loop started — expecting ServiceDiscovery then video
17:09:46.221  [AA] Service Discovery Request: Android
17:09:46.509  [AA] Channel Open Request on chan 1 SENSOR
17:09:46.516  [AA] Channel Open Request on chan 3 INPUT
17:09:46.517  [AA] Channel Open Request on chan 5 AUDIO2
17:09:46.517  [AA] Channel Open Request on chan 2 VIDEO
17:09:46.518  [AA] Channel Open Request on chan 7 MIC
17:09:46.525  [AA] Media Sink Setup Request: 1 on channel AUDIO2
17:09:46.533  [AA] Config response: status: HEADUNIT
max_unacked: 16
configuration_indices: 0
 (maxUnacked=16)
17:09:46.535  [AA] Sensor Start Request sensor: DRIVING_STATUS, minUpdatePeriod: 0
17:09:46.536  [AA] W: AapVideo: Dropped Flag 11 packet. len=4
17:09:46.537  [AA] Media Sink Setup Request: 3 on channel VIDEO
17:09:46.537  [AA] Config response: status: HEADUNIT
max_unacked: 12
configuration_indices: 0
 (maxUnacked=12)
17:09:46.537  [AA] Video channel set up → sending VideoFocus GAIN
17:09:46.554  [AA] Audio Focus Request: RELEASE
17:09:46.571  [AA] Sensor Start Request sensor: NIGHT, minUpdatePeriod: 0
17:09:46.580  [AA] W: AapVideo: Dropped Flag 11 packet. len=6
17:09:46.581  [AA] Media Start Request VIDEO: session=0, config_index=0
17:09:47.636  [AA] W: AapVideo: Dropped Flag 11 packet. len=6
17:09:47.637  [AA] RX: Video Focus Request - mode: VIDEO_FOCUS_PROJECTED, reason: UNKNOWN
17:09:47.672  [AA] W: Decoder restart requested: sync_stall
17:09:47.703  [AA] Decoder stopped: restart: sync_stall
17:09:47.704  [AA] W: AapTransport: Requesting recovery keyframe via focus cycle.
17:09:47.705  [AA] findBestCodec: hw=c2.exynos.h264.decoder, sw=c2.android.avc.decoder, preferHardware=true, selected=c2.exynos.h264.decoder
17:09:47.774  [AA] Configuring decoder: c2.exynos.h264.decoder for 800x480
17:09:47.806  [AA] Codec initialized: c2.exynos.h264.decoder
17:09:47.810  [AA] Output thread started
17:09:47.923  [AA] Output Format Changed: {crop-right=799, max-height=480, sar-width=1, color-format=2130708361, mime=video/raw, cta861.max-cll=0.0, priority=0, color-standard=1, cta861.max-fall=0.0, color-transfer=3, sar-height=1, crop-bottom=479, max-width=800, crop-left=0, width=800, color-range=2, crop-top=0, rotation-degrees=0, height=480}
17:09:47.937  [AA] decode fps=0
17:09:48.320  [AA] W: AapVideo: Dropped Flag 11 packet. len=2
17:09:48.323  [AA] Media Sink Stop Request: VIDEO
17:09:48.328  [AA] Video Sink Stopped -> Normal background/transition behavior
17:09:48.330  [AA] W: AapVideo: Dropped Flag 11 packet. len=6
17:09:48.333  [AA] Media Start Request VIDEO: session=1, config_index=0
17:09:48.981  [AA] decode fps=7
17:09:50.015  [AA] decode fps=13
17:09:50.123  hb#4 probed=true video=false framesSent=0 openServers=3
17:09:51.019  [AA] decode fps=29
17:09:52.019  [AA] decode fps=27
17:09:52.602  [AA] <<< Android Auto connected from 127.0.0.1
17:09:52.603  [AA] already have a session — dropping extra connection
17:09:54.345  [AA] AapRead: Connection closed (EOF). Disconnecting.
17:09:54.358  [AA] Quitting because ret < 0 (-1)
17:09:54.359  [AA] AapTransport quitting (clean=false)
17:09:54.361  [AA] transport quit (clean=false, userExit=false)
17:09:55.129  hb#5 probed=true video=false framesSent=0 openServers=3
17:09:55.936  [AA] W: Decoder stall detected (no output for 3002ms). Forcing restart.
17:09:55.942  [AA] Output thread stopped
17:09:58.558  [AA] <<< Android Auto connected from 127.0.0.1
17:09:58.745  [AA] starting AAP handshake (version + SSL)…
17:09:58.746  [AA] Start Aap transport handshake for dev.coletz.opencfmoto.aa.SocketAccessoryConnection@fe11768
17:09:58.806  [AA] Handshake: Version response received (ret=12, attempt=1).
17:09:58.851  [AA] SSL handshake complete. Session id: fGhfMRhHyy9ONL2RuttmGbYVvXQh+AGkfG74ZElv/2c=
17:09:58.852  [AA] Handshake: Status OK sent (8). Handshake successful.
17:09:58.852  [AA] handshake OK — pointing decoder at encoder surface and starting read loop
17:09:58.853  [AA] Start Aap transport read loop
17:09:58.853  [AA] read loop started — expecting ServiceDiscovery then video
17:09:58.883  [AA] Service Discovery Request: Android
17:09:59.182  [AA] Audio Focus Request: RELEASE
17:09:59.183  [AA] Channel Open Request on chan 1 SENSOR
17:09:59.183  [AA] Channel Open Request on chan 3 INPUT
17:09:59.183  [AA] Channel Open Request on chan 2 VIDEO
17:09:59.184  [AA] Channel Open Request on chan 5 AUDIO2
17:09:59.202  [AA] Channel Open Request on chan 7 MIC
17:09:59.217  [AA] Sensor Start Request sensor: DRIVING_STATUS, minUpdatePeriod: 0
17:09:59.228  [AA] Media Sink Setup Request: 1 on channel AUDIO2
17:09:59.231  [AA] Config response: status: HEADUNIT
max_unacked: 16
configuration_indices: 0
 (maxUnacked=16)
17:09:59.232  [AA] W: AapVideo: Dropped Flag 11 packet. len=4
17:09:59.232  [AA] Media Sink Setup Request: 3 on channel VIDEO
17:09:59.233  [AA] Config response: status: HEADUNIT
max_unacked: 12
configuration_indices: 0
 (maxUnacked=12)
17:09:59.233  [AA] Video channel set up → sending VideoFocus GAIN
17:09:59.234  [AA] Sensor Start Request sensor: NIGHT, minUpdatePeriod: 0
17:09:59.241  [AA] W: AapVideo: Dropped Flag 11 packet. len=6
17:09:59.242  [AA] Media Start Request VIDEO: session=0, config_index=0
17:10:00.134  hb#6 probed=true video=false framesSent=0 openServers=3
17:10:00.609  [AA] W: Decoder restart requested: sync_stall
17:10:00.629  [AA] Decoder stopped: restart: sync_stall
17:10:00.629  [AA] W: AapTransport: Requesting recovery keyframe via focus cycle.
17:10:00.630  [AA] findBestCodec: hw=c2.exynos.h264.decoder, sw=c2.android.avc.decoder, preferHardware=true, selected=c2.exynos.h264.decoder
17:10:00.688  [AA] Configuring decoder: c2.exynos.h264.decoder for 800x480
17:10:00.758  [AA] Codec initialized: c2.exynos.h264.decoder
17:10:00.758  [AA] Output thread started
17:10:00.918  [AA] W: AapVideo: Dropped Flag 11 packet. len=6
17:10:00.921  [AA] RX: Video Focus Request - mode: VIDEO_FOCUS_PROJECTED, reason: UNKNOWN
17:10:00.935  [AA] Output Format Changed: {crop-right=799, max-height=480, sar-width=1, color-format=2130708361, mime=video/raw, cta861.max-cll=0.0, priority=0, color-standard=1, cta861.max-fall=0.0, color-transfer=3, sar-height=1, crop-bottom=479, max-width=800, crop-left=0, width=800, color-range=2, crop-top=0, rotation-degrees=0, height=480}
17:10:00.954  [AA] decode fps=3
17:10:01.218  [AA] W: AapVideo: Dropped Flag 11 packet. len=2
17:10:01.219  [AA] Media Sink Stop Request: VIDEO
17:10:01.219  [AA] Video Sink Stopped -> Normal background/transition behavior
17:10:01.220  [AA] W: AapVideo: Dropped Flag 11 packet. len=6
17:10:01.220  [AA] Media Start Request VIDEO: session=1, config_index=0
17:10:01.971  [AA] decode fps=5
17:10:03.015  [AA] decode fps=10
17:10:04.065  [AA] decode fps=25
17:10:05.073  [AA] decode fps=15
17:10:05.135  hb#7 probed=true video=false framesSent=0 openServers=3
17:10:06.111  [AA] decode fps=27
17:10:07.126  [AA] decode fps=18
17:10:08.144  [AA] decode fps=23
17:10:09.145  [AA] decode fps=26
17:10:10.138  hb#8 probed=true video=false framesSent=0 openServers=3
17:10:10.165  [AA] decode fps=26
17:10:11.170  [AA] decode fps=30
17:10:12.183  [AA] decode fps=29
