19:39:45.084  → Android Auto: scan the bike QR first so we pick the right screen profile.
19:39:47.059  QR raw: http://www.carbit.com.cn/downsdk/657/658/_sdk?modelid=37426&sn=0rLs&action=1&ssid=CFMOTO1565&pwd=94cdfdb4&uid=6WWV0000AL3B734070000418
19:39:47.062  QR parsed: ssid=CFMOTO1565 mac=null action=1 (ap=true, p2p=false) modelId=37426 sn=0rLs
19:39:47.063  → bike profile (QR ssid=CFMOTO1565 modelId=37426): CFDL26 / MotoPlay Landscape (800MT) → AA 1280x720 @160dpi
19:39:47.064  → starting Android Auto receiver (loopback self-mode). Ensure Android Auto is installed & set up.
19:39:47.112  [AA] foreground service up (wake lock held)
19:39:47.146  [COMPOSITOR] ready (buffer size 1280x720) — AA decoder input surface up (no output canvas yet)
19:39:47.147  [VIDEO] COMPOSITOR mode — decoder input ready; awaiting bike canvas
19:39:47.171  [AA] Conscrypt installed as security provider (position: 1)
19:39:47.174  [AA] WirelessServer listening on :5288
19:39:47.975  [AA] launching Android Auto WirelessStartupActivity → 127.0.0.1:5288
19:39:47.978  [AA] Activity trigger failed (Permission Denial: starting Intent { flg=0x10000000 xflg=0x4 cmp=com.google.android.projection.gearhead/com.google.android.apps.auto.wireless.setup.service.impl.WirelessStartupActivity (has extras) } from ProcessRecord{6e31b50 19673:dev.coletz.opencfmoto/u0a639} (pid=19673, uid=10639) not exported from uid 10171); trying broadcast fallback
19:39:47.986  [AA] broadcast fallback sent
19:39:48.055  [AA] NSD registered: AAWireless
19:39:48.242  [AA] <<< Android Auto connected from 127.0.0.1
19:39:48.384  [AA] starting AAP handshake (version + SSL)…
19:39:48.385  [AA] Start Aap transport handshake for dev.coletz.opencfmoto.aa.SocketAccessoryConnection@f7202dc
19:39:48.391  [AA] Handshake: Version response received (ret=12, attempt=1).
19:39:48.443  [AA] SSL handshake complete. Session id: BsY/7kei6WjeYuYrTM/MLRZwd/QsfYX5RveT3m5OPOY=
19:39:48.443  [AA] Handshake: Status OK sent (8). Handshake successful.
19:39:48.444  [AA] handshake OK — pointing decoder at encoder surface and starting read loop
19:39:48.444  [AA] New surface set: Surface(name=android.graphics.SurfaceTexture@a2122a5 mNativeObject=-5476376635659498656)/@0x2926fe5
19:39:48.444  [AA] Start Aap transport read loop
19:39:48.453  [AA] read loop started — expecting ServiceDiscovery then video
19:39:48.492  [AA] Service Discovery Request: Android
19:39:48.610  [AA] Audio Focus Request: RELEASE
19:39:48.612  [AA] Channel Open Request on chan 1 SENSOR
19:39:48.623  [AA] Channel Open Request on chan 3 INPUT
19:39:48.623  [AA] Channel Open Request on chan 5 AUDIO2
19:39:48.623  [AA] Channel Open Request on chan 2 VIDEO
19:39:48.624  [AA] Channel Open Request on chan 7 MIC
19:39:48.625  [AA] Sensor Start Request sensor: DRIVING_STATUS, minUpdatePeriod: 0
19:39:48.626  [AA] Media Sink Setup Request: 1 on channel AUDIO2
19:39:48.650  [AA] Config response: status: HEADUNIT
max_unacked: 16
configuration_indices: 0
 (maxUnacked=16)
19:39:48.651  [AA] W: AapVideo: Dropped Flag 11 packet. len=4
19:39:48.651  [AA] Media Sink Setup Request: 3 on channel VIDEO
19:39:48.651  [AA] Config response: status: HEADUNIT
max_unacked: 12
configuration_indices: 0
 (maxUnacked=12)
19:39:48.652  [AA] Video channel set up → sending VideoFocus GAIN
19:39:48.653  [AA] Sensor Start Request sensor: NIGHT, minUpdatePeriod: 0
19:39:48.662  [AA] W: AapVideo: Dropped Flag 11 packet. len=6
19:39:48.663  [AA] Media Start Request VIDEO: session=0, config_index=0
19:39:48.722  stopped
19:39:48.723  Wi-Fi released
19:39:48.780  Ready. tap Start and wait for the QR code scanner to show up.
19:39:50.467  [AA] H.264 SPS parsed: 1280x720
19:39:50.582  [AA] findBestCodec: hw=c2.exynos.h264.decoder, sw=c2.android.avc.decoder, preferHardware=true, selected=c2.exynos.h264.decoder
19:39:50.781  [AA] Configuring decoder: c2.exynos.h264.decoder for 1280x720
19:39:50.807  [AA] Codec initialized: c2.exynos.h264.decoder
19:39:50.809  [AA] Output thread started
19:39:50.816  [AA] W: AapVideo: Dropped Flag 11 packet. len=6
19:39:50.817  [AA] RX: Video Focus Request - mode: VIDEO_FOCUS_PROJECTED, reason: UNKNOWN
19:39:50.817  [AA] Video Focus PROJECTED received. Replying with VideoFocusEvent GAIN.
19:39:50.842  [AA] Output Format Changed: {crop-right=1279, max-height=720, sar-width=1, color-format=2130708361, mime=video/raw, cta861.max-cll=0.0, priority=0, color-standard=1, cta861.max-fall=0.0, color-transfer=3, sar-height=1, crop-bottom=719, max-width=1280, crop-left=0, width=1280, color-range=2, crop-top=0, rotation-degrees=0, height=720}
19:39:51.857  [AA] decode fps=29
19:39:51.860  [AA] steady video reached (fps=29) — signalling ready for bike hand-off
19:39:52.876  [AA] decode fps=29
19:39:53.878  [AA] decode fps=30
19:39:54.890  [AA] decode fps=29
19:39:55.923  [AA] decode fps=30
19:39:56.949  [AA] decode fps=30
19:39:57.961  [AA] decode fps=29
19:39:58.973  [AA] decode fps=30
19:39:59.975  [AA] decode fps=29
19:40:00.981  [AA] decode fps=29
19:40:02.023  [AA] decode fps=29
19:40:03.025  [AA] decode fps=29
19:40:04.042  [AA] decode fps=30
19:40:05.055  [AA] decode fps=29
19:40:06.056  [AA] decode fps=30
19:40:07.084  [AA] decode fps=30
19:40:08.121  [AA] decode fps=29
19:40:09.146  [AA] decode fps=30
19:40:10.146  [AA] decode fps=30
19:40:11.148  [AA] decode fps=29
19:40:12.156  [AA] decode fps=29
19:40:13.183  [AA] decode fps=30
19:40:14.209  [AA] decode fps=30
