16:57:43.343  → starting Android Auto receiver (loopback self-mode). Ensure Android Auto is installed & set up.
16:57:43.361  [AA] foreground service up (wake lock held)
16:57:43.740  [VIDEO] configured Baseline@3.1
16:57:43.851  [VIDEO] encoder started 800x384 h264 30fps
16:57:43.854  [VIDEO] EXTERNAL source mode (Android Auto) — encoder input surface ready
16:57:43.858  [AA] WirelessServer listening on :5288
16:57:44.251  [AA] launching Android Auto WirelessStartupActivity → 127.0.0.1:5288
16:57:44.258  [AA] Activity trigger failed (Permission Denial: starting Intent { flg=0x10000000 xflg=0x4 cmp=com.google.android.projection.gearhead/com.google.android.apps.auto.wireless.setup.service.impl.WirelessStartupActivity (has extras) } from ProcessRecord{a0eca3f 17029:dev.coletz.opencfmoto/u0a629} (pid=17029, uid=10629) not exported from uid 10171); trying broadcast fallback
16:57:44.267  [AA] broadcast fallback sent
16:57:44.537  [AA] <<< Android Auto connected from 127.0.0.1
16:57:44.656  [AA] starting AAP handshake (version + SSL)…
16:57:44.657  [AA] Start Aap transport handshake for dev.coletz.opencfmoto.aa.SocketAccessoryConnection@a139a50
16:57:44.930  [AA] Handshake: Version response received (ret=12, attempt=1).
16:57:45.091  [AA] SSL handshake complete. Session id: NdSFxKuOruGcjiFjGFO6JmFruiaUY9fr0UmPR4q8auU=
16:57:45.095  [AA] Handshake: Status OK sent (8). Handshake successful.
16:57:45.095  [AA] handshake OK — pointing decoder at encoder surface and starting read loop
16:57:45.096  [AA] New surface set: Surface(name=null mNativeObject=-5476376635659226736)/@0xd3d4449
16:57:45.096  [AA] Start Aap transport read loop
16:57:45.096  [AA] read loop started — expecting ServiceDiscovery then video
16:57:45.165  [AA] Service Discovery Request: Android
16:57:45.635  [AA] Channel Open Request on chan 1 SENSOR
16:57:45.639  [AA] Audio Focus Request: RELEASE
16:57:45.655  [AA] Channel Open Request on chan 2 VIDEO
16:57:45.656  [AA] Channel Open Request on chan 3 INPUT
16:57:45.657  [AA] Channel Open Request on chan 5 AUDIO2
16:57:45.664  [AA] Channel Open Request on chan 7 MIC
16:57:45.665  [AA] Sensor Start Request sensor: DRIVING_STATUS, minUpdatePeriod: 0
16:57:45.674  [AA] W: AapVideo: Dropped Flag 11 packet. len=4
16:57:45.674  [AA] Media Sink Setup Request: 3 on channel VIDEO
16:57:45.682  [AA] NSD registered: AAWireless
16:57:45.683  [AA] Config response: status: HEADUNIT
max_unacked: 12
configuration_indices: 0
 (maxUnacked=12)
16:57:45.683  [AA] Video channel set up → sending VideoFocus GAIN
16:57:45.684  [AA] Media Sink Setup Request: 1 on channel AUDIO2
16:57:45.684  [AA] Config response: status: HEADUNIT
max_unacked: 16
configuration_indices: 0
 (maxUnacked=16)
16:57:45.684  [AA] Sensor Start Request sensor: NIGHT, minUpdatePeriod: 0
16:57:45.703  [AA] W: AapVideo: Dropped Flag 11 packet. len=6
16:57:45.704  [AA] Media Start Request VIDEO: session=0, config_index=0
16:57:48.733  [AA] H.264 SPS parsed: 800x480
16:57:48.734  [AA] findBestCodec: hw=c2.exynos.h264.decoder, sw=c2.android.avc.decoder, preferHardware=true, selected=c2.exynos.h264.decoder
16:57:48.752  [AA] Configuring decoder: c2.exynos.h264.decoder for 800x480
16:57:48.821  [AA] Codec initialized: c2.exynos.h264.decoder
16:57:48.830  [AA] Output thread started
16:57:48.906  [AA] Output Format Changed: {crop-right=799, max-height=480, sar-width=1, color-format=2130708361, mime=video/raw, cta861.max-cll=0.0, priority=0, color-standard=1, cta861.max-fall=0.0, color-transfer=3, sar-height=1, crop-bottom=479, max-width=800, crop-left=0, width=800, color-range=2, crop-top=0, rotation-degrees=0, height=480}
16:57:48.909  [AA] W: AapVideo: Dropped Flag 11 packet. len=6
16:57:48.913  [AA] RX: Video Focus Request - mode: VIDEO_FOCUS_PROJECTED, reason: UNKNOWN
16:57:48.964  [VIDEO] got codec config (SPS/PPS) 28b
16:57:50.106  [AA] decode fps=9
16:57:51.125  [AA] decode fps=23
16:57:52.132  [AA] decode fps=27
16:57:52.134  [AA] steady video reached (fps=27) — signalling ready for bike hand-off
16:57:52.146  → Android Auto video is live — opening bike QR scanner
16:57:53.157  [AA] decode fps=31
16:57:53.370  QR raw: http://www.carbit.com.cn/downsdk/657/658/_sdk?modelid=37426&sn=xLas&action=1&ssid=CFMOTO1565&pwd=94cdfdb4&uid=6WWV0000AL3B734070000418
16:57:53.373  QR parsed: ssid=CFMOTO1565 mac=null action=1 (ap=true, p2p=false) modelId=37426 sn=xLas
16:57:53.390  requesting Wi-Fi join: CFMOTO1565 …
16:57:54.158  [AA] decode fps=27
16:57:55.174  [AA] decode fps=29
16:57:56.176  [AA] decode fps=30
16:57:56.675  Wi-Fi joined: CFMOTO1565 (network=372, bound)
16:57:56.675  → Wi-Fi bound; starting EasyConn PXC flow …
16:57:56.676  ---- environment ----
16:57:56.677  Build: Google Pixel 9 / Android 16 (SDK 36)
16:57:56.678  linkProps iface=wlan1 addrs=[fe80::2012:8cff:fe74:25e3/64, 192.168.43.101/24] routes=[fe80::/64 -> :: wlan1 mtu 0, 192.168.43.0/24 -> 0.0.0.0 wlan1 mtu 0, 0.0.0.0/0 -> 192.168.43.1 wlan1 mtu 0]
16:57:56.678  ---------------------
16:57:56.688  our IP=192.168.43.101  bike IP=192.168.43.1
16:57:56.693  bind :10922 failed: bind failed: EADDRINUSE (Address already in use)
16:57:56.695  bind :10921 failed: bind failed: EADDRINUSE (Address already in use)
16:57:56.701  bind :10920 failed: bind failed: EADDRINUSE (Address already in use)
16:57:56.701  listening on 192.168.43.101 ports [10922, 10921, 10920]
16:57:56.712  [PROBE] connect #1 -> 192.168.43.1:10930
16:57:56.755  [PROBE] -> MDNS_RESPOND (0x70000010) {"phoneType":"Android","packageName":"com.cfmoto.cfmotointernational"}
16:57:56.769  [PROBE] <- cmd=0x70000011 {"status":true}

16:57:56.772  [PROBE] *** accepted — bike should now connect back to our ports ***
16:57:57.200  [AA] decode fps=29
16:57:58.218  [AA] decode fps=30
16:57:59.357  [AA] decode fps=27
16:58:00.365  [AA] decode fps=25
16:58:01.430  [AA] decode fps=27
16:58:01.713  hb#1 probed=true video=false framesSent=0 openServers=0
16:58:02.463  [AA] decode fps=32
16:58:03.500  [AA] decode fps=24
16:58:04.531  [AA] decode fps=34
16:58:05.536  [AA] decode fps=28
16:58:06.543  [AA] decode fps=29
16:58:06.714  hb#2 probed=true video=false framesSent=0 openServers=0
16:58:07.558  [AA] decode fps=30
16:58:08.595  [AA] decode fps=29
16:58:09.616  [AA] decode fps=29
16:58:10.640  [AA] decode fps=28
16:58:11.692  [AA] decode fps=26
16:58:11.715  hb#3 probed=true video=false framesSent=0 openServers=0
16:58:12.715  [AA] decode fps=30
16:58:13.736  [AA] decode fps=27
16:58:14.754  [AA] decode fps=30
16:58:15.144  → stopping everything (Android Auto + bike)
16:58:15.150  stopped
16:58:15.153  Wi-Fi released
16:58:15.166  [AA] AapTransport quitting (clean=false)
16:58:15.168  [AA] transport quit (clean=false, userExit=false)
16:58:15.193  [AA] Output thread stopped
16:58:15.332  [AA] Decoder stopped: AaReceiver.stop
16:58:15.356  [AA] receiver stopped
16:58:15.367  [AA] NSD unregistered
16:58:15.417  [VIDEO] dequeue failed: java.lang.IllegalStateException: Pending dequeue output buffer request cancelled

16:58:15.496  [AA] foreground service stopped
