18:50:00.392  Ready. tap Start and wait for the QR code scanner to show up.
18:50:44.721  → starting Android Auto receiver (loopback self-mode). Ensure Android Auto is installed & set up.
18:50:44.761  [AA] foreground service up (wake lock held)
18:50:44.850  [VIDEO] configured Baseline@3.1
18:50:44.898  [VIDEO] encoder started 800x384 h264 30fps
18:50:44.907  [VIDEO] EXTERNAL source mode (Android Auto) — encoder input surface ready
18:50:44.957  [AA] Conscrypt installed as security provider (position: 1)
18:50:44.959  [AA] WirelessServer listening on :5288
18:50:45.643  [AA] launching Android Auto WirelessStartupActivity → 127.0.0.1:5288
18:50:45.650  [AA] Activity trigger failed (Permission Denial: starting Intent { flg=0x10000000 xflg=0x4 cmp=com.google.android.projection.gearhead/com.google.android.apps.auto.wireless.setup.service.impl.WirelessStartupActivity (has extras) } from ProcessRecord{452a944 26165:dev.coletz.opencfmoto/u0a635} (pid=26165, uid=10635) not exported from uid 10171); trying broadcast fallback
18:50:45.677  [AA] broadcast fallback sent
18:50:45.748  [AA] NSD registered: AAWireless
18:50:45.906  [AA] <<< Android Auto connected from 127.0.0.1
18:50:45.997  [AA] starting AAP handshake (version + SSL)…
18:50:45.998  [AA] Start Aap transport handshake for dev.coletz.opencfmoto.aa.SocketAccessoryConnection@e2429af
18:50:46.006  [AA] Handshake: Version response received (ret=12, attempt=1).
18:50:46.048  [AA] SSL handshake complete. Session id: PZ2hhj46V8HC9waAm0LUJD6DvYRk8L0OsEmcQ6lyjm4=
18:50:46.050  [AA] Handshake: Status OK sent (8). Handshake successful.
18:50:46.050  [AA] handshake OK — pointing decoder at encoder surface and starting read loop
18:50:46.050  [AA] New surface set: Surface(name=null mNativeObject=-5476376635659559632)/@0x67341bc
18:50:46.050  [AA] Start Aap transport read loop
18:50:46.058  [AA] read loop started — expecting ServiceDiscovery then video
18:50:46.070  [AA] Service Discovery Request: Android
18:50:46.208  [AA] Audio Focus Request: RELEASE
18:50:46.212  [AA] Channel Open Request on chan 1 SENSOR
18:50:46.220  [AA] Channel Open Request on chan 3 INPUT
18:50:46.221  [AA] Channel Open Request on chan 2 VIDEO
18:50:46.221  [AA] Channel Open Request on chan 5 AUDIO2
18:50:46.221  [AA] Channel Open Request on chan 7 MIC
18:50:46.222  [AA] Sensor Start Request sensor: DRIVING_STATUS, minUpdatePeriod: 0
18:50:46.226  [AA] Media Sink Setup Request: 1 on channel AUDIO2
18:50:46.239  [AA] Config response: status: HEADUNIT
max_unacked: 16
configuration_indices: 0
 (maxUnacked=16)
18:50:46.240  [AA] W: AapVideo: Dropped Flag 11 packet. len=4
18:50:46.240  [AA] Media Sink Setup Request: 3 on channel VIDEO
18:50:46.240  [AA] Config response: status: HEADUNIT
max_unacked: 12
configuration_indices: 0
 (maxUnacked=12)
18:50:46.240  [AA] Video channel set up → sending VideoFocus GAIN
18:50:46.241  [AA] Sensor Start Request sensor: NIGHT, minUpdatePeriod: 0
18:50:46.244  [AA] W: AapVideo: Dropped Flag 11 packet. len=6
18:50:46.244  [AA] Media Start Request VIDEO: session=0, config_index=0
18:50:47.434  [AA] H.264 SPS parsed: 800x480
18:50:47.470  [AA] findBestCodec: hw=c2.exynos.h264.decoder, sw=c2.android.avc.decoder, preferHardware=true, selected=c2.exynos.h264.decoder
18:50:47.495  [AA] Configuring decoder: c2.exynos.h264.decoder for 800x480
18:50:47.513  [AA] Codec initialized: c2.exynos.h264.decoder
18:50:47.514  [AA] Output thread started
18:50:47.531  [AA] W: AapVideo: Dropped Flag 11 packet. len=6
18:50:47.533  [AA] Output Format Changed: {crop-right=799, max-height=480, sar-width=1, color-format=2130708361, mime=video/raw, cta861.max-cll=0.0, priority=0, color-standard=1, cta861.max-fall=0.0, color-transfer=3, sar-height=1, crop-bottom=479, max-width=800, crop-left=0, width=800, color-range=2, crop-top=0, rotation-degrees=0, height=480}
18:50:47.534  [AA] RX: Video Focus Request - mode: VIDEO_FOCUS_PROJECTED, reason: UNKNOWN
18:50:47.555  [VIDEO] got codec config (SPS/PPS) 28b
18:50:48.567  [AA] decode fps=26
18:50:48.568  [AA] steady video reached (fps=26) — signalling ready for bike hand-off
18:50:48.571  → Android Auto video is live — opening bike QR scanner
18:50:49.584  [AA] decode fps=29
18:50:49.833  QR raw: http://www.carbit.com.cn/downsdk/657/658/_sdk?modelid=37426&sn=xHF0&action=1&ssid=CFMOTO1565&pwd=94cdfdb4&uid=6WWV0000AL3B734070000418
18:50:49.836  QR parsed: ssid=CFMOTO1565 mac=null action=1 (ap=true, p2p=false) modelId=37426 sn=xHF0
18:50:49.850  requesting Wi-Fi join: CFMOTO1565 …
18:50:50.638  [AA] decode fps=26
18:50:51.643  [AA] decode fps=33
18:50:52.675  [AA] decode fps=30
18:50:53.684  [AA] decode fps=29
18:50:53.833  Wi-Fi joined: CFMOTO1565 (network=407, bound)
18:50:53.833  → Wi-Fi bound; starting EasyConn PXC flow …
18:50:53.841  ---- environment ----
18:50:53.841  Build: Google Pixel 9 / Android 16 (SDK 36)
18:50:53.851  linkProps iface=wlan1 addrs=[fe80::2012:8cff:fe74:25e3/64, 192.168.43.101/24] routes=[fe80::/64 -> :: wlan1 mtu 0, 192.168.43.0/24 -> 0.0.0.0 wlan1 mtu 0, 0.0.0.0/0 -> 192.168.43.1 wlan1 mtu 0]
18:50:53.858  ---------------------
18:50:53.876  our IP=192.168.43.101  bike IP=192.168.43.1
18:50:53.902  listening on 192.168.43.101 ports [10922, 10921, 10920]
18:50:53.903  [PROBE] connect #1 -> 192.168.43.1:10930
18:50:53.918  [PROBE] -> MDNS_RESPOND (0x70000010) {"phoneType":"Android","packageName":"com.cfmoto.cfmotointernational"}
18:50:53.942  [PROBE] <- cmd=0x70000011 {"status":true}

18:50:53.942  [PROBE] *** accepted — bike should now connect back to our ports ***
18:50:53.953  [:10922] <<< bike connected from /192.168.43.1:46444
18:50:53.954  [:10922] framing=CmdBaseHead (PXC control)
18:50:53.962  [:10922] bike selected CAR_CTRL (0x10000) → ack 0x10001
18:50:53.970  [:10922] *** CLIENT_INFO from bike *** {
   "HUID" : "6WWV0000AL3B734070000418",
   "HUName" : "Android_5d5a",
   "bluetoothPolicy" : 2,
   "btAddress" : "",
   "btName" : "",
   "btPin" : "",
   "carBrand" : "test-car-brand",
   "carConfig" : "test-car-config",
   "carMicSupportFeature" : 0,
   "carModel" : "test-car-model",
   "channel" : "37426",
   "currentHUTime" : 65894,
   "disablePageInRVMap" : 0,
   "disableShowCallInfo" : false,
   "disableVR" : false,
   "dpi" : 0,
   "enableDPI" : false,
   "enableSockServerAuth" : true,
   "flavor" : 65540,
   "mirrorMode" : 0,
   "package_name" : "com.cfmoto.easyconnect",
   "productType" : 3,
   "pxcVersion" : "1.0.2",
   "screenType" : 1,
   "sdkVersion" : "1.1.2",
   "socketTimeoutPeriodWifi" : 9,
   "steeringMode" : 0,
   "supportBTCall" : false,
   "supportBTSetting" : false,
   "supportBackDesktop" : false,
   "supportBackDesktopNew" : false,
   "supportConnect" : 776,
   "supportDownloadScreenEvt" : true,
   "supportFunction" : 128,
   "supportHID" : true,
   "supportLandscapeAdaptive" : true,
   "supportMic" : false,
   "supportMirrorOverlayTouch" : true,
   "supportMirrorReconnect" : true,
   "supportOTASpeenUp" : true,
   "supportOTAUpdate" : true,
   "supportPhoneSignal" : true,
   "supportRVForAdb" : false,
   "supportScreenMirroring" : true,
   "supportScreenTouch" : true,
   "supportSpeechEngine" : 2,
   "supportSyncCorrectTime" : true,
   "supportThirdPartyApp" : false,
   "transportType" : 2,
   "useBTCallRecords" : false,
   "uuid" : "xHF0",
   "version_code" : "0",
   "version_name" : "CFDL26.2.3.0.5",
   "wakeupWord" : ""
}

18:50:53.972  [:10922] carHuid=6WWV0000AL3B734070000418 HUName=Android_5d5a channel=37426
18:50:53.988  [:10922] → CLIENT_INFO reply {"pxcVersion":"1.0.2","phoneUUID":"e60fd78a-ac68-4ead-bdab-3e906054d5e8","phoneBrand":"google","phoneModel":"Pixel 9","phoneOsVersion":"36","phoneOs":"Android","package":"com.cfmot…
18:50:54.002  [:10922] QUERY_SPEED {
   "usbSpeed" : 0,
   "wifiSpeed" : 0
}
 → reply 0x10691
18:50:54.017  [:10922] <<< bike connected from /192.168.43.1:46446
18:50:54.018  [:10922] framing=CmdBaseHead (PXC control)
18:50:54.020  [:10922] bike selected CAR_DATA (0x20000) → ack 0x20001
18:50:54.033  [:10922] FTP_INFO {
   "port" : 11021,
   "pwd" : "$Siwei2018@",
   "userName" : "carbit_ec_ftp_ota"
}
 → reply 0x103a1
18:50:54.040  [:10922] CHECK_SN from bike: {
   "client_set" : "easy_conn",
   "sn" : "G99DW4PL53CSYZCZTFCE"
}

18:50:54.041  [:10922] → CHECK_SN_RESULT {"isOk":true,"errCode":0,"errMsg":"","id":"G99DW4PL53CSYZCZTFCE","client_set":"easy_conn"}
18:50:54.045  [:10922] cmd=0x10020 (?) len=104 {
   "autoChangeToBT" : false,
   "music" : true,
   "talkie" : true,
   "tts" : true,
   "vr" : true
}

18:50:54.046  [:10922] cmd=0x10020 (?) len=104 {
   "autoChangeToBT" : false,
   "music" : true,
   "talkie" : true,
   "tts" : true,
   "vr" : true
}

18:50:54.698  [AA] decode fps=30
18:50:55.705  [AA] decode fps=29
18:50:56.704  [AA] decode fps=30
18:50:57.736  [AA] decode fps=30
18:50:58.772  [AA] decode fps=29
18:50:58.903  hb#1 probed=true video=false framesSent=0 openServers=3
18:50:59.793  [AA] decode fps=30
18:51:00.796  [AA] decode fps=28
18:51:01.847  [AA] decode fps=22
18:51:02.866  [AA] decode fps=27
18:51:03.868  [AA] decode fps=29
18:51:03.912  hb#2 probed=true video=false framesSent=0 openServers=3
18:51:04.457  [:10922] bike closed
18:51:04.909  [AA] decode fps=29
18:51:05.059  [:10922] bike closed
18:51:05.911  [AA] decode fps=29
18:51:06.937  [AA] decode fps=30
18:51:07.936  [AA] decode fps=30
18:51:08.914  hb#3 probed=true video=false framesSent=0 openServers=3
18:51:08.984  [AA] decode fps=29
18:51:09.158  → stopping everything (Android Auto + bike)
18:51:09.163  stopped
18:51:09.167  Wi-Fi released
18:51:09.173  [AA] AapTransport quitting (clean=false)
18:51:09.175  [AA] transport quit (clean=false, userExit=false)
18:51:09.191  [AA] Output thread stopped
18:51:09.262  [AA] Decoder stopped: AaReceiver.stop
18:51:09.265  [AA] receiver stopped
18:51:09.267  [VIDEO] dequeue failed: java.lang.IllegalStateException: Pending dequeue output buffer request cancelled

18:51:09.283  [AA] NSD unregistered
18:51:09.328  [AA] foreground service stopped
