19:41:59.627  Ready. tap Start and wait for the QR code scanner to show up.
19:42:01.720  → Android Auto: scan the bike QR first so we pick the right screen profile.
19:42:05.150  QR raw: http://www.carbit.com.cn/downsdk/657/658/_sdk?modelid=37426&sn=0rLs&action=1&ssid=CFMOTO1565&pwd=94cdfdb4&uid=6WWV0000AL3B734070000418
19:42:05.164  QR parsed: ssid=CFMOTO1565 mac=null action=1 (ap=true, p2p=false) modelId=37426 sn=0rLs
19:42:05.165  → bike profile (QR ssid=CFMOTO1565 modelId=37426): CFDL26 / MotoPlay Landscape (800MT) → AA 1280x720 @160dpi
19:42:05.166  → starting Android Auto receiver (loopback self-mode). Ensure Android Auto is installed & set up.
19:42:05.201  [AA] foreground service up (wake lock held)
19:42:05.266  [COMPOSITOR] ready (buffer size 1280x720) — AA decoder input surface up (no output canvas yet)
19:42:05.266  [VIDEO] COMPOSITOR mode — decoder input ready; awaiting bike canvas
19:42:05.306  [AA] Conscrypt installed as security provider (position: 1)
19:42:05.308  [AA] WirelessServer listening on :5288
19:42:06.090  [AA] launching Android Auto WirelessStartupActivity → 127.0.0.1:5288
19:42:06.094  [AA] Activity trigger failed (Permission Denial: starting Intent { flg=0x10000000 xflg=0x4 cmp=com.google.android.projection.gearhead/com.google.android.apps.auto.wireless.setup.service.impl.WirelessStartupActivity (has extras) } from ProcessRecord{8ab7f15 23733:dev.coletz.opencfmoto/u0a639} (pid=23733, uid=10639) not exported from uid 10171); trying broadcast fallback
19:42:06.098  [AA] broadcast fallback sent
19:42:06.614  [AA] <<< Android Auto connected from 127.0.0.1
19:42:07.049  [AA] starting AAP handshake (version + SSL)…
19:42:07.053  [AA] Start Aap transport handshake for dev.coletz.opencfmoto.aa.SocketAccessoryConnection@54b2957
19:42:07.076  [AA] Handshake: Version response received (ret=12, attempt=1).
19:42:07.168  [AA] SSL handshake complete. Session id: CtGB845QEA1ZUzQgPCljR55GLtCvEsgUmGohuJ2lvKo=
19:42:07.171  [AA] Handshake: Status OK sent (8). Handshake successful.
19:42:07.171  [AA] handshake OK — pointing decoder at encoder surface and starting read loop
19:42:07.172  [AA] New surface set: Surface(name=android.graphics.SurfaceTexture@5dce9e9 mNativeObject=-5476376635659508544)/@0x7e34c44
19:42:07.172  [AA] Start Aap transport read loop
19:42:07.200  [AA] read loop started — expecting ServiceDiscovery then video
19:42:07.242  [AA] Service Discovery Request: Android
19:42:07.489  [AA] Channel Open Request on chan 1 SENSOR
19:42:07.498  [AA] Audio Focus Request: RELEASE
19:42:07.509  [AA] Channel Open Request on chan 2 VIDEO
19:42:07.510  [AA] Channel Open Request on chan 3 INPUT
19:42:07.512  [AA] Channel Open Request on chan 5 AUDIO2
19:42:07.514  [AA] Channel Open Request on chan 7 MIC
19:42:07.524  [AA] W: AapVideo: Dropped Flag 11 packet. len=4
19:42:07.525  [AA] Media Sink Setup Request: 3 on channel VIDEO
19:42:07.562  [AA] Config response: status: HEADUNIT
max_unacked: 12
configuration_indices: 0
 (maxUnacked=12)
19:42:07.563  [AA] Video channel set up → sending VideoFocus GAIN
19:42:07.564  [AA] Sensor Start Request sensor: DRIVING_STATUS, minUpdatePeriod: 0
19:42:07.565  [AA] Media Sink Setup Request: 1 on channel AUDIO2
19:42:07.566  [AA] Config response: status: HEADUNIT
max_unacked: 16
configuration_indices: 0
 (maxUnacked=16)
19:42:07.573  [AA] W: AapVideo: Dropped Flag 11 packet. len=6
19:42:07.580  [AA] Media Start Request VIDEO: session=0, config_index=0
19:42:07.584  [AA] Sensor Start Request sensor: NIGHT, minUpdatePeriod: 0
19:42:08.166  stopped
19:42:08.170  Wi-Fi released
19:42:08.251  Ready. tap Start and wait for the QR code scanner to show up.
19:42:09.528  [AA] H.264 SPS parsed: 1280x720
19:42:09.726  [AA] findBestCodec: hw=c2.exynos.h264.decoder, sw=c2.android.avc.decoder, preferHardware=true, selected=c2.exynos.h264.decoder
19:42:10.072  [AA] Configuring decoder: c2.exynos.h264.decoder for 1280x720
19:42:10.120  [AA] Codec initialized: c2.exynos.h264.decoder
19:42:10.122  [AA] Output thread started
19:42:10.228  [AA] W: AapVideo: Dropped Flag 11 packet. len=6
19:42:10.231  [AA] Output Format Changed: {crop-right=1279, max-height=720, sar-width=1, color-format=2130708361, mime=video/raw, cta861.max-cll=0.0, priority=0, color-standard=1, cta861.max-fall=0.0, color-transfer=3, sar-height=1, crop-bottom=719, max-width=1280, crop-left=0, width=1280, color-range=2, crop-top=0, rotation-degrees=0, height=720}
19:42:10.232  [AA] RX: Video Focus Request - mode: VIDEO_FOCUS_PROJECTED, reason: UNKNOWN
19:42:10.232  [AA] Video Focus PROJECTED received. Replying with VideoFocusEvent GAIN.
19:42:11.320  [AA] decode fps=13
19:42:12.330  [AA] decode fps=31
19:42:12.336  [AA] steady video reached (fps=31) — signalling ready for bike hand-off
19:42:13.333  [AA] decode fps=29
19:42:14.334  [AA] decode fps=29
19:42:15.356  [AA] decode fps=30
19:42:16.380  [AA] decode fps=28
19:42:17.395  [AA] decode fps=31
19:42:18.398  [AA] decode fps=29
19:42:19.413  [AA] decode fps=30
19:42:20.453  [AA] decode fps=29
19:42:21.458  [AA] decode fps=29
19:42:22.486  [AA] decode fps=30
