17:08:41.749  → starting Android Auto receiver (loopback self-mode). Ensure Android Auto is installed & set up.
17:08:41.770  [AA] foreground service up (wake lock held)
17:08:41.851  [VIDEO] configured Baseline@3.1
17:08:41.908  [VIDEO] encoder started 800x384 h264 30fps
17:08:41.918  [VIDEO] EXTERNAL source mode (Android Auto) — encoder input surface ready
17:08:41.931  [AA] WirelessServer listening on :5288
17:08:42.661  [AA] launching Android Auto WirelessStartupActivity → 127.0.0.1:5288
17:08:42.673  [AA] Activity trigger failed (Permission Denial: starting Intent { flg=0x10000000 xflg=0x4 cmp=com.google.android.projection.gearhead/com.google.android.apps.auto.wireless.setup.service.impl.WirelessStartupActivity (has extras) } from ProcessRecord{e6fa029 2452:dev.coletz.opencfmoto/u0a631} (pid=2452, uid=10631) not exported from uid 10171); trying broadcast fallback
17:08:42.677  [AA] broadcast fallback sent
17:08:42.800  [AA] <<< Android Auto connected from 127.0.0.1
17:08:42.847  [AA] starting AAP handshake (version + SSL)…
17:08:42.847  [AA] Start Aap transport handshake for dev.coletz.opencfmoto.aa.SocketAccessoryConnection@e37d7e9
17:08:42.859  [AA] Handshake: Version response received (ret=12, attempt=1).
17:08:42.876  [AA] SSL handshake complete. Session id: +7YFNg2+bWt68ha6y/SXFoE6Ob/U72d6dAsInn/6mUU=
17:08:42.877  [AA] Handshake: Status OK sent (8). Handshake successful.
17:08:42.877  [AA] handshake OK — pointing decoder at encoder surface and starting read loop
17:08:42.877  [AA] New surface set: Surface(name=null mNativeObject=-5476376635659060288)/@0x23b917a
17:08:42.877  [AA] Start Aap transport read loop
17:08:42.877  [AA] read loop started — expecting ServiceDiscovery then video
17:08:42.884  [AA] Service Discovery Request: Android
17:08:43.023  [AA] Audio Focus Request: RELEASE
17:08:43.043  [AA] Channel Open Request on chan 1 SENSOR
17:08:43.050  [AA] Channel Open Request on chan 3 INPUT
17:08:43.051  [AA] Channel Open Request on chan 2 VIDEO
17:08:43.052  [AA] Channel Open Request on chan 5 AUDIO2
17:08:43.053  [AA] Channel Open Request on chan 7 MIC
17:08:43.053  [AA] Sensor Start Request sensor: DRIVING_STATUS, minUpdatePeriod: 0
17:08:43.054  [AA] W: AapVideo: Dropped Flag 11 packet. len=4
17:08:43.054  [AA] Media Sink Setup Request: 3 on channel VIDEO
17:08:43.057  [AA] Config response: status: HEADUNIT
max_unacked: 12
configuration_indices: 0
 (maxUnacked=12)
17:08:43.057  [AA] Video channel set up → sending VideoFocus GAIN
17:08:43.067  [AA] Media Sink Setup Request: 1 on channel AUDIO2
17:08:43.067  [AA] Config response: status: HEADUNIT
max_unacked: 16
configuration_indices: 0
 (maxUnacked=16)
17:08:43.074  [AA] W: AapVideo: Dropped Flag 11 packet. len=6
17:08:43.075  [AA] Media Start Request VIDEO: session=0, config_index=0
17:08:43.088  [AA] Sensor Start Request sensor: NIGHT, minUpdatePeriod: 0
17:08:43.706  [AA] W: AapVideo: Dropped Flag 11 packet. len=6
17:08:43.706  [AA] RX: Video Focus Request - mode: VIDEO_FOCUS_PROJECTED, reason: UNKNOWN
17:08:43.710  [AA] H.264 SPS parsed: 800x480
17:08:43.710  [AA] findBestCodec: hw=c2.exynos.h264.decoder, sw=c2.android.avc.decoder, preferHardware=true, selected=c2.exynos.h264.decoder
17:08:43.744  [AA] Configuring decoder: c2.exynos.h264.decoder for 800x480
17:08:43.757  [AA] Codec initialized: c2.exynos.h264.decoder
17:08:43.757  [AA] Output thread started
17:08:43.778  [AA] Output Format Changed: {crop-right=799, max-height=480, sar-width=1, color-format=2130708361, mime=video/raw, cta861.max-cll=0.0, priority=0, color-standard=1, cta861.max-fall=0.0, color-transfer=3, sar-height=1, crop-bottom=479, max-width=800, crop-left=0, width=800, color-range=2, crop-top=0, rotation-degrees=0, height=480}
17:08:43.789  [VIDEO] got codec config (SPS/PPS) 28b
17:08:44.799  [AA] decode fps=23
17:08:45.812  [AA] decode fps=29
17:08:45.812  [AA] steady video reached (fps=29) — signalling ready for bike hand-off
17:08:45.815  → Android Auto video is live — opening bike QR scanner
17:08:46.464  QR raw: http://www.carbit.com.cn/downsdk/657/658/_sdk?modelid=37426&sn=CzCi&action=1&ssid=CFMOTO1565&pwd=94cdfdb4&uid=6WWV0000AL3B734070000418
17:08:46.486  QR parsed: ssid=CFMOTO1565 mac=null action=1 (ap=true, p2p=false) modelId=37426 sn=CzCi
17:08:46.494  requesting Wi-Fi join: CFMOTO1565 …
17:08:46.865  [AA] decode fps=28
17:08:47.880  [AA] decode fps=29
17:08:48.883  [AA] decode fps=29
17:08:49.085  Wi-Fi joined: CFMOTO1565 (network=377, bound)
17:08:49.086  → Wi-Fi bound; starting EasyConn PXC flow …
17:08:49.086  ---- environment ----
17:08:49.086  Build: Google Pixel 9 / Android 16 (SDK 36)
17:08:49.088  linkProps iface=wlan1 addrs=[fe80::2012:8cff:fe74:25e3/64, 192.168.43.101/24] routes=[fe80::/64 -> :: wlan1 mtu 0, 192.168.43.0/24 -> 0.0.0.0 wlan1 mtu 0, 0.0.0.0/0 -> 192.168.43.1 wlan1 mtu 0]
17:08:49.089  ---------------------
17:08:49.094  our IP=192.168.43.101  bike IP=192.168.43.1
17:08:49.102  listening on 192.168.43.101 ports [10922, 10921, 10920]
17:08:49.105  [PROBE] connect #1 -> 192.168.43.1:10930
17:08:49.114  [PROBE] -> MDNS_RESPOND (0x70000010) {"phoneType":"Android","packageName":"com.cfmoto.cfmotointernational"}
17:08:49.124  [PROBE] <- cmd=0x70000011 {"status":true}

17:08:49.124  [PROBE] *** accepted — bike should now connect back to our ports ***
17:08:49.138  [:10922] <<< bike connected from /192.168.43.1:42364
17:08:49.139  [:10922] framing=CmdBaseHead (PXC control)
17:08:49.140  [:10922] bike selected CAR_CTRL (0x10000) → ack 0x10001
17:08:49.149  [:10922] *** CLIENT_INFO from bike *** {
   "HUID" : "6WWV0000AL3B734070000418",
   "HUName" : "Android_5d5a",
   "bluetoothPolicy" : 2,
   "btAddress" : "",
   "btName" : "",
   "btPin" : "",
   "carBrand" : "test-car-brand",
   "carConfig" : "test-car-config",
   "carMicSupportFeature" : 0,
   "carModel" : "test-car-model",
   "channel" : "37426",
   "currentHUTime" : 108814,
   "disablePageInRVMap" : 0,
   "disableShowCallInfo" : false,
   "disableVR" : false,
   "dpi" : 0,
   "enableDPI" : false,
   "enableSockServerAuth" : true,
   "flavor" : 65540,
   "mirrorMode" : 0,
   "package_name" : "com.cfmoto.easyconnect",
   "productType" : 3,
   "pxcVersion" : "1.0.2",
   "screenType" : 1,
   "sdkVersion" : "1.1.2",
   "socketTimeoutPeriodWifi" : 9,
   "steeringMode" : 0,
   "supportBTCall" : false,
   "supportBTSetting" : false,
   "supportBackDesktop" : false,
   "supportBackDesktopNew" : false,
   "supportConnect" : 776,
   "supportDownloadScreenEvt" : true,
   "supportFunction" : 128,
   "supportHID" : true,
   "supportLandscapeAdaptive" : true,
   "supportMic" : false,
   "supportMirrorOverlayTouch" : true,
   "supportMirrorReconnect" : true,
   "supportOTASpeenUp" : true,
   "supportOTAUpdate" : true,
   "supportPhoneSignal" : true,
   "supportRVForAdb" : false,
   "supportScreenMirroring" : true,
   "supportScreenTouch" : true,
   "supportSpeechEngine" : 2,
   "supportSyncCorrectTime" : true,
   "supportThirdPartyApp" : false,
   "transportType" : 2,
   "useBTCallRecords" : false,
   "uuid" : "CzCi",
   "version_code" : "0",
   "version_name" : "CFDL26.2.3.0.5",
   "wakeupWord" : ""
}

17:08:49.150  [:10922] carHuid=6WWV0000AL3B734070000418 HUName=Android_5d5a channel=37426
17:08:49.155  [:10922] → CLIENT_INFO reply {"pxcVersion":"1.0.2","phoneUUID":"487dd66d-8c98-48ca-a904-cf992d1c8f69","phoneBrand":"google","phoneModel":"Pixel 9","phoneOsVersion":"36","phoneOs":"Android","package":"com.cfmot…
17:08:49.164  [:10922] QUERY_SPEED {
   "usbSpeed" : 0,
   "wifiSpeed" : 0
}
 → reply 0x10691
17:08:49.175  [:10922] <<< bike connected from /192.168.43.1:42366
17:08:49.177  [:10922] framing=CmdBaseHead (PXC control)
17:08:49.178  [:10922] bike selected CAR_DATA (0x20000) → ack 0x20001
17:08:49.188  [:10922] FTP_INFO {
   "port" : 11021,
   "pwd" : "$Siwei2018@",
   "userName" : "carbit_ec_ftp_ota"
}
 → reply 0x103a1
17:08:49.195  [:10922] cmd=0x10020 (?) len=104 {
   "autoChangeToBT" : false,
   "music" : true,
   "talkie" : true,
   "tts" : true,
   "vr" : true
}

17:08:49.910  [AA] decode fps=30
17:08:50.128  [AA] NSD registered: AAWireless
17:08:50.911  [AA] decode fps=29
17:08:51.921  [AA] decode fps=29
17:08:52.948  [AA] decode fps=30
17:08:53.954  [AA] decode fps=29
17:08:54.107  hb#1 probed=true video=false framesSent=0 openServers=3
17:08:54.962  [AA] decode fps=29
17:08:55.981  [AA] decode fps=30
17:08:57.007  [AA] decode fps=30
17:08:58.010  [AA] decode fps=29
17:08:59.024  [AA] decode fps=25
17:08:59.109  hb#2 probed=true video=false framesSent=0 openServers=3
17:08:59.622  [:10922] bike closed
