18:51:17.023  → starting Android Auto receiver (loopback self-mode). Ensure Android Auto is installed & set up.
18:51:17.036  [AA] foreground service up (wake lock held)
18:51:17.135  [VIDEO] configured Baseline@3.1
18:51:17.188  [VIDEO] encoder started 800x384 h264 30fps
18:51:17.191  [VIDEO] EXTERNAL source mode (Android Auto) — encoder input surface ready
18:51:17.196  [AA] WirelessServer listening on :5288
18:51:17.934  [AA] launching Android Auto WirelessStartupActivity → 127.0.0.1:5288
18:51:17.943  [AA] Activity trigger failed (Permission Denial: starting Intent { flg=0x10000000 xflg=0x4 cmp=com.google.android.projection.gearhead/com.google.android.apps.auto.wireless.setup.service.impl.WirelessStartupActivity (has extras) } from ProcessRecord{452a944 26165:dev.coletz.opencfmoto/u0a635} (pid=26165, uid=10635) not exported from uid 10171); trying broadcast fallback
18:51:17.950  [AA] broadcast fallback sent
18:51:18.047  [AA] NSD registered: AAWireless
18:51:18.128  [AA] <<< Android Auto connected from 127.0.0.1
18:51:18.246  [AA] starting AAP handshake (version + SSL)…
18:51:18.247  [AA] Start Aap transport handshake for dev.coletz.opencfmoto.aa.SocketAccessoryConnection@cab46f1
18:51:18.297  [AA] Handshake: Version response received (ret=12, attempt=1).
18:51:18.326  [AA] SSL handshake complete. Session id: PLxnXTW+BLPs889ZXr366OLu5PQsI0oNBfm2JKImzAI=
18:51:18.326  [AA] Handshake: Status OK sent (8). Handshake successful.
18:51:18.326  [AA] handshake OK — pointing decoder at encoder surface and starting read loop
18:51:18.326  [AA] New surface set: Surface(name=null mNativeObject=-5476376635659434384)/@0x3f0d2d6
18:51:18.326  [AA] Start Aap transport read loop
18:51:18.327  [AA] read loop started — expecting ServiceDiscovery then video
18:51:18.368  [AA] Service Discovery Request: Android
18:51:18.682  [AA] Channel Open Request on chan 1 SENSOR
18:51:18.684  [AA] Channel Open Request on chan 2 VIDEO
18:51:18.685  [AA] Channel Open Request on chan 3 INPUT
18:51:18.685  [AA] Audio Focus Request: RELEASE
18:51:18.685  [AA] Channel Open Request on chan 5 AUDIO2
18:51:18.688  [AA] Channel Open Request on chan 7 MIC
18:51:18.690  [AA] W: AapVideo: Dropped Flag 11 packet. len=4
18:51:18.690  [AA] Media Sink Setup Request: 3 on channel VIDEO
18:51:18.692  [AA] Config response: status: HEADUNIT
max_unacked: 12
configuration_indices: 0
 (maxUnacked=12)
18:51:18.693  [AA] Video channel set up → sending VideoFocus GAIN
18:51:18.693  [AA] Media Sink Setup Request: 1 on channel AUDIO2
18:51:18.693  [AA] Config response: status: HEADUNIT
max_unacked: 16
configuration_indices: 0
 (maxUnacked=16)
18:51:18.705  [AA] Sensor Start Request sensor: DRIVING_STATUS, minUpdatePeriod: 0
18:51:18.706  [AA] W: AapVideo: Dropped Flag 11 packet. len=6
18:51:18.706  [AA] Media Start Request VIDEO: session=0, config_index=0
18:51:18.740  [AA] Sensor Start Request sensor: NIGHT, minUpdatePeriod: 0
18:51:19.110  [AA] H.264 SPS parsed: 800x480
18:51:19.111  [AA] findBestCodec: hw=c2.exynos.h264.decoder, sw=c2.android.avc.decoder, preferHardware=true, selected=c2.exynos.h264.decoder
18:51:19.135  [AA] Configuring decoder: c2.exynos.h264.decoder for 800x480
18:51:19.170  [AA] Codec initialized: c2.exynos.h264.decoder
18:51:19.171  [AA] Output thread started
18:51:19.210  [AA] Output Format Changed: {crop-right=799, max-height=480, sar-width=1, color-format=2130708361, mime=video/raw, cta861.max-cll=0.0, priority=0, color-standard=1, cta861.max-fall=0.0, color-transfer=3, sar-height=1, crop-bottom=479, max-width=800, crop-left=0, width=800, color-range=2, crop-top=0, rotation-degrees=0, height=480}
18:51:19.241  [VIDEO] got codec config (SPS/PPS) 28b
18:51:20.677  [AA] W: AapVideo: Dropped Flag 11 packet. len=6
18:51:20.678  [AA] RX: Video Focus Request - mode: VIDEO_FOCUS_PROJECTED, reason: UNKNOWN
18:51:20.696  [AA] decode fps=3
18:51:21.761  [AA] decode fps=11
18:51:22.781  [AA] decode fps=30
18:51:22.783  [AA] steady video reached (fps=30) — signalling ready for bike hand-off
18:51:22.793  → Android Auto video is live — opening bike QR scanner
18:51:23.810  [AA] decode fps=29
18:51:24.820  [AA] decode fps=29
18:51:25.000  QR raw: http://www.carbit.com.cn/downsdk/657/658/_sdk?modelid=37426&sn=xHF0&action=1&ssid=CFMOTO1565&pwd=94cdfdb4&uid=6WWV0000AL3B734070000418
18:51:25.026  QR parsed: ssid=CFMOTO1565 mac=null action=1 (ap=true, p2p=false) modelId=37426 sn=xHF0
18:51:25.042  requesting Wi-Fi join: CFMOTO1565 …
18:51:25.826  [AA] decode fps=25
18:51:26.839  [AA] decode fps=29
18:51:27.811  Wi-Fi joined: CFMOTO1565 (network=408, bound)
18:51:27.812  → Wi-Fi bound; starting EasyConn PXC flow …
18:51:27.813  ---- environment ----
18:51:27.813  Build: Google Pixel 9 / Android 16 (SDK 36)
18:51:27.814  linkProps iface=wlan1 addrs=[fe80::2012:8cff:fe74:25e3/64, 192.168.43.101/24] routes=[fe80::/64 -> :: wlan1 mtu 0, 192.168.43.0/24 -> 0.0.0.0 wlan1 mtu 0, 0.0.0.0/0 -> 192.168.43.1 wlan1 mtu 0]
18:51:27.815  ---------------------
18:51:27.819  our IP=192.168.43.101  bike IP=192.168.43.1
18:51:27.827  listening on 192.168.43.101 ports [10922, 10921, 10920]
18:51:27.829  [PROBE] connect #1 -> 192.168.43.1:10930
18:51:27.850  [AA] decode fps=29
18:51:27.855  [PROBE] -> MDNS_RESPOND (0x70000010) {"phoneType":"Android","packageName":"com.cfmoto.cfmotointernational"}
18:51:27.866  [PROBE] <- cmd=0x70000011 {"status":true}

18:51:27.866  [PROBE] *** accepted — bike should now connect back to our ports ***
18:51:27.875  [:10922] <<< bike connected from /192.168.43.1:46448
18:51:27.876  [:10922] framing=CmdBaseHead (PXC control)
18:51:27.876  [:10922] bike selected CAR_CTRL (0x10000) → ack 0x10001
18:51:27.881  [:10922] *** CLIENT_INFO from bike *** {
   "HUID" : "6WWV0000AL3B734070000418",
   "HUName" : "Android_5d5a",
   "bluetoothPolicy" : 2,
   "btAddress" : "",
   "btName" : "",
   "btPin" : "",
   "carBrand" : "test-car-brand",
   "carConfig" : "test-car-config",
   "carMicSupportFeature" : 0,
   "carModel" : "test-car-model",
   "channel" : "37426",
   "currentHUTime" : 99806,
   "disablePageInRVMap" : 0,
   "disableShowCallInfo" : false,
   "disableVR" : false,
   "dpi" : 0,
   "enableDPI" : false,
   "enableSockServerAuth" : true,
   "flavor" : 65540,
   "mirrorMode" : 0,
   "package_name" : "com.cfmoto.easyconnect",
   "productType" : 3,
   "pxcVersion" : "1.0.2",
   "screenType" : 1,
   "sdkVersion" : "1.1.2",
   "socketTimeoutPeriodWifi" : 9,
   "steeringMode" : 0,
   "supportBTCall" : false,
   "supportBTSetting" : false,
   "supportBackDesktop" : false,
   "supportBackDesktopNew" : false,
   "supportConnect" : 776,
   "supportDownloadScreenEvt" : true,
   "supportFunction" : 128,
   "supportHID" : true,
   "supportLandscapeAdaptive" : true,
   "supportMic" : false,
   "supportMirrorOverlayTouch" : true,
   "supportMirrorReconnect" : true,
   "supportOTASpeenUp" : true,
   "supportOTAUpdate" : true,
   "supportPhoneSignal" : true,
   "supportRVForAdb" : false,
   "supportScreenMirroring" : true,
   "supportScreenTouch" : true,
   "supportSpeechEngine" : 2,
   "supportSyncCorrectTime" : true,
   "supportThirdPartyApp" : false,
   "transportType" : 2,
   "useBTCallRecords" : false,
   "uuid" : "xHF0",
   "version_code" : "0",
   "version_name" : "CFDL26.2.3.0.5",
   "wakeupWord" : ""
}

18:51:27.881  [:10922] carHuid=6WWV0000AL3B734070000418 HUName=Android_5d5a channel=37426
18:51:27.906  [:10922] → CLIENT_INFO reply {"pxcVersion":"1.0.2","phoneUUID":"e60fd78a-ac68-4ead-bdab-3e906054d5e8","phoneBrand":"google","phoneModel":"Pixel 9","phoneOsVersion":"36","phoneOs":"Android","package":"com.cfmot…
18:51:27.960  [:10922] QUERY_SPEED {
   "usbSpeed" : 0,
   "wifiSpeed" : 0
}
 → reply 0x10691
18:51:27.974  [:10922] <<< bike connected from /192.168.43.1:46450
18:51:27.977  [:10922] framing=CmdBaseHead (PXC control)
18:51:27.977  [:10922] bike selected CAR_DATA (0x20000) → ack 0x20001
18:51:27.987  [:10922] FTP_INFO {
   "port" : 11021,
   "pwd" : "$Siwei2018@",
   "userName" : "carbit_ec_ftp_ota"
}
 → reply 0x103a1
18:51:27.996  [:10922] CHECK_SN from bike: {
   "client_set" : "easy_conn",
   "sn" : "G99DW4PL53CSYZCZTFCE"
}

18:51:27.997  [:10922] → CHECK_SN_RESULT {"isOk":true,"errCode":0,"errMsg":"","id":"G99DW4PL53CSYZCZTFCE","client_set":"easy_conn"}
18:51:28.064  [:10922] cmd=0x10020 (?) len=104 {
   "autoChangeToBT" : false,
   "music" : true,
   "talkie" : true,
   "tts" : true,
   "vr" : true
}

18:51:28.065  [:10922] cmd=0x10020 (?) len=104 {
   "autoChangeToBT" : false,
   "music" : true,
   "talkie" : true,
   "tts" : true,
   "vr" : true
}

18:51:28.887  [AA] decode fps=28
18:51:29.913  [AA] decode fps=21
18:51:30.944  [AA] decode fps=30
18:51:31.954  [AA] decode fps=29
18:51:32.830  hb#1 probed=true video=false framesSent=0 openServers=3
18:51:32.996  [AA] decode fps=29
18:51:34.017  [AA] decode fps=30
18:51:35.042  [AA] decode fps=30
18:51:36.051  [AA] decode fps=29
18:51:37.069  [AA] decode fps=30
18:51:37.831  hb#2 probed=true video=false framesSent=0 openServers=3
18:51:38.084  [AA] decode fps=29
18:51:38.603  [:10922] bike closed
18:51:38.996  → stopping everything (Android Auto + bike)
18:51:39.004  stopped
18:51:39.007  Wi-Fi released
18:51:39.013  [AA] AapTransport quitting (clean=false)
18:51:39.015  [AA] transport quit (clean=false, userExit=false)
18:51:39.019  [AA] AapRead: Connection closed (EOF). Disconnecting.
18:51:39.019  [AA] Quitting because ret < 0 (-1)
18:51:39.027  [AA] Output thread stopped
18:51:39.058  [:10922] bike closed
18:51:39.082  [AA] Decoder stopped: AaReceiver.stop
18:51:39.084  [AA] receiver stopped
18:51:39.086  [VIDEO] dequeue failed: java.lang.IllegalStateException: Pending dequeue output buffer request cancelled

18:51:39.092  [AA] NSD unregistered
18:51:39.119  [AA] foreground service stopped
