17:10:30.383  → starting Android Auto receiver (loopback self-mode). Ensure Android Auto is installed & set up.
17:10:30.412  [AA] foreground service up (wake lock held)
17:10:30.469  [VIDEO] configured Baseline@3.1
17:10:30.563  [VIDEO] encoder started 800x384 h264 30fps
17:10:30.568  [VIDEO] EXTERNAL source mode (Android Auto) — encoder input surface ready
17:10:30.572  [AA] WirelessServer listening on :5288
17:10:31.304  [AA] launching Android Auto WirelessStartupActivity → 127.0.0.1:5288
17:10:31.311  [AA] Activity trigger failed (Permission Denial: starting Intent { flg=0x10000000 xflg=0x4 cmp=com.google.android.projection.gearhead/com.google.android.apps.auto.wireless.setup.service.impl.WirelessStartupActivity (has extras) } from ProcessRecord{e6fa029 2452:dev.coletz.opencfmoto/u0a631} (pid=2452, uid=10631) not exported from uid 10171); trying broadcast fallback
17:10:31.316  [AA] broadcast fallback sent
17:10:31.539  [AA] <<< Android Auto connected from 127.0.0.1
17:10:31.652  [AA] starting AAP handshake (version + SSL)…
17:10:31.652  [AA] Start Aap transport handshake for dev.coletz.opencfmoto.aa.SocketAccessoryConnection@492de35
17:10:31.721  [AA] Handshake: Version response received (ret=12, attempt=1).
17:10:31.820  [AA] SSL handshake complete. Session id: VzF8r+e7LgbrthJdT7Z4c6X+xc/7QQrzDdAycTLJ9JM=
17:10:31.822  [AA] Handshake: Status OK sent (8). Handshake successful.
17:10:31.822  [AA] handshake OK — pointing decoder at encoder surface and starting read loop
17:10:31.822  [AA] New surface set: Surface(name=null mNativeObject=-5476376635659083360)/@0x43af2ca
17:10:31.822  [AA] Start Aap transport read loop
17:10:31.822  [AA] read loop started — expecting ServiceDiscovery then video
17:10:31.850  [AA] Service Discovery Request: Android
17:10:32.108  [AA] Audio Focus Request: RELEASE
17:10:32.116  [AA] Channel Open Request on chan 1 SENSOR
17:10:32.141  [AA] Channel Open Request on chan 3 INPUT
17:10:32.144  [AA] Channel Open Request on chan 2 VIDEO
17:10:32.146  [AA] Channel Open Request on chan 5 AUDIO2
17:10:32.150  [AA] Channel Open Request on chan 7 MIC
17:10:32.161  [AA] Sensor Start Request sensor: DRIVING_STATUS, minUpdatePeriod: 0
17:10:32.163  [AA] Media Sink Setup Request: 1 on channel AUDIO2
17:10:32.172  [AA] Config response: status: HEADUNIT
max_unacked: 16
configuration_indices: 0
 (maxUnacked=16)
17:10:32.173  [AA] W: AapVideo: Dropped Flag 11 packet. len=4
17:10:32.174  [AA] Media Sink Setup Request: 3 on channel VIDEO
17:10:32.174  [AA] Config response: status: HEADUNIT
max_unacked: 12
configuration_indices: 0
 (maxUnacked=12)
17:10:32.175  [AA] Video channel set up → sending VideoFocus GAIN
17:10:32.176  [AA] Sensor Start Request sensor: NIGHT, minUpdatePeriod: 0
17:10:32.193  [AA] W: AapVideo: Dropped Flag 11 packet. len=6
17:10:32.194  [AA] Media Start Request VIDEO: session=0, config_index=0
17:10:33.398  [AA] H.264 SPS parsed: 800x480
17:10:33.399  [AA] findBestCodec: hw=c2.exynos.h264.decoder, sw=c2.android.avc.decoder, preferHardware=true, selected=c2.exynos.h264.decoder
17:10:33.431  [AA] Configuring decoder: c2.exynos.h264.decoder for 800x480
17:10:33.451  [AA] Codec initialized: c2.exynos.h264.decoder
17:10:33.451  [AA] Output thread started
17:10:33.475  [AA] W: AapVideo: Dropped Flag 11 packet. len=6
17:10:33.476  [AA] RX: Video Focus Request - mode: VIDEO_FOCUS_PROJECTED, reason: UNKNOWN
17:10:33.481  [AA] Output Format Changed: {crop-right=799, max-height=480, sar-width=1, color-format=2130708361, mime=video/raw, cta861.max-cll=0.0, priority=0, color-standard=1, cta861.max-fall=0.0, color-transfer=3, sar-height=1, crop-bottom=479, max-width=800, crop-left=0, width=800, color-range=2, crop-top=0, rotation-degrees=0, height=480}
17:10:33.508  [VIDEO] got codec config (SPS/PPS) 28b
17:10:34.518  [AA] decode fps=17
17:10:35.518  [AA] decode fps=23
17:10:36.519  [AA] decode fps=25
17:10:36.519  [AA] steady video reached (fps=25) — signalling ready for bike hand-off
17:10:36.523  → Android Auto video is live — opening bike QR scanner
17:10:37.535  QR raw: http://www.carbit.com.cn/downsdk/657/658/_sdk?modelid=37426&sn=CzCi&action=1&ssid=CFMOTO1565&pwd=94cdfdb4&uid=6WWV0000AL3B734070000418
17:10:37.555  QR parsed: ssid=CFMOTO1565 mac=null action=1 (ap=true, p2p=false) modelId=37426 sn=CzCi
17:10:37.557  [AA] decode fps=33
17:10:37.560  requesting Wi-Fi join: CFMOTO1565 …
17:10:38.551  [AA] decode fps=29
17:10:39.552  [AA] decode fps=29
17:10:40.557  [AA] decode fps=29
17:10:41.558  [AA] decode fps=29
17:10:42.597  [AA] decode fps=29
17:10:42.823  Wi-Fi joined: CFMOTO1565 (network=379, bound)
17:10:42.824  → Wi-Fi bound; starting EasyConn PXC flow …
17:10:42.824  ---- environment ----
17:10:42.824  Build: Google Pixel 9 / Android 16 (SDK 36)
17:10:42.832  linkProps iface=wlan1 addrs=[fe80::2012:8cff:fe74:25e3/64, 192.168.43.101/24] routes=[fe80::/64 -> :: wlan1 mtu 0, 192.168.43.0/24 -> 0.0.0.0 wlan1 mtu 0, 0.0.0.0/0 -> 192.168.43.1 wlan1 mtu 0]
17:10:42.832  ---------------------
17:10:42.839  our IP=192.168.43.101  bike IP=192.168.43.1
17:10:42.873  listening on 192.168.43.101 ports [10922, 10921, 10920]
17:10:42.876  [PROBE] connect #1 -> 192.168.43.1:10930
17:10:42.889  [PROBE] -> MDNS_RESPOND (0x70000010) {"phoneType":"Android","packageName":"com.cfmoto.cfmotointernational"}
17:10:42.901  [PROBE] <- cmd=0x70000011 {"status":true}

17:10:42.906  [PROBE] *** accepted — bike should now connect back to our ports ***
17:10:42.916  [:10922] <<< bike connected from /192.168.43.1:42372
17:10:42.919  [:10922] framing=CmdBaseHead (PXC control)
17:10:42.919  [:10922] bike selected CAR_CTRL (0x10000) → ack 0x10001
17:10:42.927  [:10922] *** CLIENT_INFO from bike *** {
   "HUID" : "6WWV0000AL3B734070000418",
   "HUName" : "Android_5d5a",
   "bluetoothPolicy" : 2,
   "btAddress" : "",
   "btName" : "",
   "btPin" : "",
   "carBrand" : "test-car-brand",
   "carConfig" : "test-car-config",
   "carMicSupportFeature" : 0,
   "carModel" : "test-car-model",
   "channel" : "37426",
   "currentHUTime" : 222587,
   "disablePageInRVMap" : 0,
   "disableShowCallInfo" : false,
   "disableVR" : false,
   "dpi" : 0,
   "enableDPI" : false,
   "enableSockServerAuth" : true,
   "flavor" : 65540,
   "mirrorMode" : 0,
   "package_name" : "com.cfmoto.easyconnect",
   "productType" : 3,
   "pxcVersion" : "1.0.2",
   "screenType" : 1,
   "sdkVersion" : "1.1.2",
   "socketTimeoutPeriodWifi" : 9,
   "steeringMode" : 0,
   "supportBTCall" : false,
   "supportBTSetting" : false,
   "supportBackDesktop" : false,
   "supportBackDesktopNew" : false,
   "supportConnect" : 776,
   "supportDownloadScreenEvt" : true,
   "supportFunction" : 128,
   "supportHID" : true,
   "supportLandscapeAdaptive" : true,
   "supportMic" : false,
   "supportMirrorOverlayTouch" : true,
   "supportMirrorReconnect" : true,
   "supportOTASpeenUp" : true,
   "supportOTAUpdate" : true,
   "supportPhoneSignal" : true,
   "supportRVForAdb" : false,
   "supportScreenMirroring" : true,
   "supportScreenTouch" : true,
   "supportSpeechEngine" : 2,
   "supportSyncCorrectTime" : true,
   "supportThirdPartyApp" : false,
   "transportType" : 2,
   "useBTCallRecords" : false,
   "uuid" : "CzCi",
   "version_code" : "0",
   "version_name" : "CFDL26.2.3.0.5",
   "wakeupWord" : ""
}

17:10:42.928  [:10922] carHuid=6WWV0000AL3B734070000418 HUName=Android_5d5a channel=37426
17:10:42.932  [:10922] → CLIENT_INFO reply {"pxcVersion":"1.0.2","phoneUUID":"487dd66d-8c98-48ca-a904-cf992d1c8f69","phoneBrand":"google","phoneModel":"Pixel 9","phoneOsVersion":"36","phoneOs":"Android","package":"com.cfmot…
17:10:42.943  [:10922] QUERY_SPEED {
   "usbSpeed" : 0,
   "wifiSpeed" : 0
}
 → reply 0x10691
17:10:42.957  [:10922] <<< bike connected from /192.168.43.1:42374
17:10:42.958  [:10922] framing=CmdBaseHead (PXC control)
17:10:42.959  [:10922] bike selected CAR_DATA (0x20000) → ack 0x20001
17:10:42.967  [:10922] FTP_INFO {
   "port" : 11021,
   "pwd" : "$Siwei2018@",
   "userName" : "carbit_ec_ftp_ota"
}
 → reply 0x103a1
17:10:42.977  [:10922] cmd=0x10020 (?) len=104 {
   "autoChangeToBT" : false,
   "music" : true,
   "talkie" : true,
   "tts" : true,
   "vr" : true
}

17:10:43.620  [AA] decode fps=30
17:10:43.697  [AA] NSD registered: AAWireless
17:10:44.649  [AA] decode fps=30
17:10:45.660  [AA] decode fps=29
17:10:46.687  [AA] decode fps=26
17:10:47.694  [AA] decode fps=29
17:10:47.877  hb#1 probed=true video=false framesSent=0 openServers=3
17:10:48.723  [AA] decode fps=30
17:10:49.725  [AA] decode fps=29
17:10:50.749  [AA] decode fps=30
17:10:51.755  [AA] decode fps=29
17:10:52.758  [AA] decode fps=29
17:10:52.881  hb#2 probed=true video=false framesSent=0 openServers=3
17:10:53.785  [AA] decode fps=30
17:10:54.786  [AA] decode fps=29
