16:55:17.198  → starting Android Auto receiver (loopback self-mode). Ensure Android Auto is installed & set up.
16:55:17.223  [AA] foreground service up (wake lock held)
16:55:17.287  [VIDEO] configured Baseline@3.1
16:55:17.319  [VIDEO] encoder started 800x384 h264 30fps
16:55:17.321  [VIDEO] EXTERNAL source mode (Android Auto) — encoder input surface ready
16:55:17.325  [AA] WirelessServer listening on :5288
16:55:18.113  [AA] launching Android Auto WirelessStartupActivity → 127.0.0.1:5288
16:55:18.126  [AA] Activity trigger failed (Permission Denial: starting Intent { flg=0x10000000 xflg=0x4 cmp=com.google.android.projection.gearhead/com.google.android.apps.auto.wireless.setup.service.impl.WirelessStartupActivity (has extras) } from ProcessRecord{a0eca3f 17029:dev.coletz.opencfmoto/u0a629} (pid=17029, uid=10629) not exported from uid 10171); trying broadcast fallback
16:55:18.133  [AA] broadcast fallback sent
16:55:18.169  [AA] NSD registered: AAWireless
16:55:18.279  [AA] <<< Android Auto connected from 127.0.0.1
16:55:18.304  [AA] starting AAP handshake (version + SSL)…
16:55:18.305  [AA] Start Aap transport handshake for dev.coletz.opencfmoto.aa.SocketAccessoryConnection@53d7ac7
16:55:18.363  [AA] Handshake: Version response received (ret=12, attempt=1).
16:55:18.412  [AA] SSL handshake complete. Session id: X/LLGnORyP6tjzTVm9wFSqRvcvuYl+vsGawaezU5T2s=
16:55:18.413  [AA] Handshake: Status OK sent (8). Handshake successful.
16:55:18.413  [AA] handshake OK — pointing decoder at encoder surface and starting read loop
16:55:18.413  [AA] New surface set: Surface(name=null mNativeObject=-5476376635658850992)/@0xd01928c
16:55:18.413  [AA] Start Aap transport read loop
16:55:18.413  [AA] read loop started — expecting ServiceDiscovery then video
16:55:18.424  [AA] Service Discovery Request: Android
16:55:18.563  [AA] Audio Focus Request: RELEASE
16:55:18.565  [AA] Channel Open Request on chan 1 SENSOR
16:55:18.568  [AA] Channel Open Request on chan 3 INPUT
16:55:18.568  [AA] Channel Open Request on chan 2 VIDEO
16:55:18.583  [AA] Channel Open Request on chan 5 AUDIO2
16:55:18.589  [AA] Channel Open Request on chan 7 MIC
16:55:18.597  [AA] Sensor Start Request sensor: DRIVING_STATUS, minUpdatePeriod: 0
16:55:18.597  [AA] W: AapVideo: Dropped Flag 11 packet. len=4
16:55:18.597  [AA] Media Sink Setup Request: 3 on channel VIDEO
16:55:18.605  [AA] Config response: status: HEADUNIT
max_unacked: 12
configuration_indices: 0
 (maxUnacked=12)
16:55:18.606  [AA] Video channel set up → sending VideoFocus GAIN
16:55:18.607  [AA] Media Sink Setup Request: 1 on channel AUDIO2
16:55:18.607  [AA] Config response: status: HEADUNIT
max_unacked: 16
configuration_indices: 0
 (maxUnacked=16)
16:55:18.612  [AA] Sensor Start Request sensor: NIGHT, minUpdatePeriod: 0
16:55:18.613  [AA] W: AapVideo: Dropped Flag 11 packet. len=6
16:55:18.614  [AA] Media Start Request VIDEO: session=0, config_index=0
16:55:19.284  [AA] H.264 SPS parsed: 800x480
16:55:19.285  [AA] findBestCodec: hw=c2.exynos.h264.decoder, sw=c2.android.avc.decoder, preferHardware=true, selected=c2.exynos.h264.decoder
16:55:19.306  [AA] Configuring decoder: c2.exynos.h264.decoder for 800x480
16:55:19.341  [AA] Codec initialized: c2.exynos.h264.decoder
16:55:19.341  [AA] Output thread started
16:55:19.356  [AA] W: AapVideo: Dropped Flag 11 packet. len=6
16:55:19.357  [AA] RX: Video Focus Request - mode: VIDEO_FOCUS_PROJECTED, reason: UNKNOWN
16:55:19.359  [AA] Output Format Changed: {crop-right=799, max-height=480, sar-width=1, color-format=2130708361, mime=video/raw, cta861.max-cll=0.0, priority=0, color-standard=1, cta861.max-fall=0.0, color-transfer=3, sar-height=1, crop-bottom=479, max-width=800, crop-left=0, width=800, color-range=2, crop-top=0, rotation-degrees=0, height=480}
16:55:19.389  [VIDEO] got codec config (SPS/PPS) 28b
16:55:20.376  [AA] decode fps=26
16:55:20.377  [AA] steady video reached (fps=26) — signalling ready for bike hand-off
16:55:20.390  → Android Auto video is live — opening bike QR scanner
16:55:21.408  [AA] decode fps=29
16:55:22.430  [AA] decode fps=30
16:55:23.431  [AA] decode fps=29
16:55:24.460  [AA] decode fps=29
16:55:25.473  [AA] decode fps=30
16:55:25.531  QR raw: http://www.carbit.com.cn/downsdk/657/658/_sdk?modelid=37426&sn=xLas&action=1&ssid=CFMOTO1565&pwd=94cdfdb4&uid=6WWV0000AL3B734070000418
16:55:25.538  QR parsed: ssid=CFMOTO1565 mac=null action=1 (ap=true, p2p=false) modelId=37426 sn=xLas
16:55:25.541  requesting Wi-Fi join: CFMOTO1565 …
16:55:26.473  [AA] decode fps=20
16:55:27.503  [AA] decode fps=25
16:55:28.541  [AA] decode fps=29
16:55:29.063  Wi-Fi joined: CFMOTO1565 (network=368, bound)
16:55:29.063  → Wi-Fi bound; starting EasyConn PXC flow …
16:55:29.064  ---- environment ----
16:55:29.064  Build: Google Pixel 9 / Android 16 (SDK 36)
16:55:29.074  linkProps iface=wlan1 addrs=[fe80::2012:8cff:fe74:25e3/64, 192.168.43.101/24] routes=[fe80::/64 -> :: wlan1 mtu 0, 192.168.43.0/24 -> 0.0.0.0 wlan1 mtu 0, 0.0.0.0/0 -> 192.168.43.1 wlan1 mtu 0]
16:55:29.074  ---------------------
16:55:29.078  our IP=192.168.43.101  bike IP=192.168.43.1
16:55:29.084  listening on 192.168.43.101 ports [10922, 10921, 10920]
16:55:29.085  [PROBE] connect #1 -> 192.168.43.1:10930
16:55:29.098  [PROBE] -> MDNS_RESPOND (0x70000010) {"phoneType":"Android","packageName":"com.cfmoto.cfmotointernational"}
16:55:29.108  [PROBE] <- cmd=0x70000011 {"status":true}

16:55:29.109  [PROBE] *** accepted — bike should now connect back to our ports ***
16:55:29.119  [:10922] <<< bike connected from /192.168.43.1:58930
16:55:29.121  [:10922] framing=CmdBaseHead (PXC control)
16:55:29.124  [:10922] bike selected CAR_CTRL (0x10000) → ack 0x10001
16:55:29.128  [:10922] *** CLIENT_INFO from bike *** {
   "HUID" : "6WWV0000AL3B734070000418",
   "HUName" : "Android_5d5a",
   "bluetoothPolicy" : 2,
   "btAddress" : "",
   "btName" : "",
   "btPin" : "",
   "carBrand" : "test-car-brand",
   "carConfig" : "test-car-config",
   "carMicSupportFeature" : 0,
   "carModel" : "test-car-model",
   "channel" : "37426",
   "currentHUTime" : 275256,
   "disablePageInRVMap" : 0,
   "disableShowCallInfo" : false,
   "disableVR" : false,
   "dpi" : 0,
   "enableDPI" : false,
   "enableSockServerAuth" : true,
   "flavor" : 65540,
   "mirrorMode" : 0,
   "package_name" : "com.cfmoto.easyconnect",
   "productType" : 3,
   "pxcVersion" : "1.0.2",
   "screenType" : 1,
   "sdkVersion" : "1.1.2",
   "socketTimeoutPeriodWifi" : 9,
   "steeringMode" : 0,
   "supportBTCall" : false,
   "supportBTSetting" : false,
   "supportBackDesktop" : false,
   "supportBackDesktopNew" : false,
   "supportConnect" : 776,
   "supportDownloadScreenEvt" : true,
   "supportFunction" : 128,
   "supportHID" : true,
   "supportLandscapeAdaptive" : true,
   "supportMic" : false,
   "supportMirrorOverlayTouch" : true,
   "supportMirrorReconnect" : true,
   "supportOTASpeenUp" : true,
   "supportOTAUpdate" : true,
   "supportPhoneSignal" : true,
   "supportRVForAdb" : false,
   "supportScreenMirroring" : true,
   "supportScreenTouch" : true,
   "supportSpeechEngine" : 2,
   "supportSyncCorrectTime" : true,
   "supportThirdPartyApp" : false,
   "transportType" : 2,
   "useBTCallRecords" : false,
   "uuid" : "xLas",
   "version_code" : "0",
   "version_name" : "CFDL26.2.3.0.5",
   "wakeupWord" : ""
}

16:55:29.135  [:10922] carHuid=6WWV0000AL3B734070000418 HUName=Android_5d5a channel=37426
16:55:29.190  [:10922] → CLIENT_INFO reply {"pxcVersion":"1.0.2","phoneUUID":"de267e91-0a26-4c1d-ab60-7c6ccc71d0f4","phoneBrand":"google","phoneModel":"Pixel 9","phoneOsVersion":"36","phoneOs":"Android","package":"com.cfmot…
16:55:29.194  [:10922] QUERY_SPEED {
   "usbSpeed" : 0,
   "wifiSpeed" : 0
}
 → reply 0x10691
16:55:29.202  [:10922] <<< bike connected from /192.168.43.1:58932
16:55:29.203  [:10922] framing=CmdBaseHead (PXC control)
16:55:29.204  [:10922] bike selected CAR_DATA (0x20000) → ack 0x20001
16:55:29.212  [:10922] cmd=0x103a0 (?) len=85 {
   "port" : 11021,
   "pwd" : "$Siwei2018@",
   "userName" : "carbit_ec_ftp_ota"
}

16:55:29.564  [AA] decode fps=30
16:55:30.589  [AA] decode fps=30
16:55:31.600  [AA] decode fps=29
16:55:32.636  [AA] decode fps=29
16:55:33.676  [AA] decode fps=26
16:55:34.086  hb#1 probed=true video=false framesSent=0 openServers=3
16:55:34.693  [AA] decode fps=31
16:55:35.694  [AA] decode fps=29
16:55:36.694  [AA] decode fps=30
16:55:37.725  [AA] decode fps=30
16:55:38.732  [AA] decode fps=29
16:55:39.088  hb#2 probed=true video=false framesSent=0 openServers=3
16:55:39.601  [:10922] bike closed
16:55:39.771  [AA] decode fps=29
16:55:40.517  [:10922] bike closed
16:55:40.790  [AA] decode fps=30
16:55:41.800  [AA] decode fps=29
16:55:42.822  [AA] decode fps=30
16:55:43.855  [AA] decode fps=30
16:55:44.091  hb#3 probed=true video=false framesSent=0 openServers=3
