18:52:08.594  Ready. tap Start and wait for the QR code scanner to show up.
18:52:11.315  → starting Android Auto receiver (loopback self-mode). Ensure Android Auto is installed & set up.
18:52:11.343  [AA] foreground service up (wake lock held)
18:52:11.611  [VIDEO] configured Baseline@3.1
18:52:11.658  [VIDEO] encoder started 800x384 h264 30fps
18:52:11.661  [VIDEO] EXTERNAL source mode (Android Auto) — encoder input surface ready
18:52:11.735  [AA] Conscrypt installed as security provider (position: 1)
18:52:11.740  [AA] WirelessServer listening on :5288
18:52:12.238  [AA] launching Android Auto WirelessStartupActivity → 127.0.0.1:5288
18:52:12.245  [AA] Activity trigger failed (Permission Denial: starting Intent { flg=0x10000000 xflg=0x4 cmp=com.google.android.projection.gearhead/com.google.android.apps.auto.wireless.setup.service.impl.WirelessStartupActivity (has extras) } from ProcessRecord{a50149 30212:dev.coletz.opencfmoto/u0a635} (pid=30212, uid=10635) not exported from uid 10171); trying broadcast fallback
18:52:12.253  [AA] broadcast fallback sent
18:52:12.447  [AA] <<< Android Auto connected from 127.0.0.1
18:52:12.573  [AA] NSD registered: AAWireless
18:52:12.629  [AA] starting AAP handshake (version + SSL)…
18:52:12.629  [AA] Start Aap transport handshake for dev.coletz.opencfmoto.aa.SocketAccessoryConnection@2a9f082
18:52:12.660  [AA] Handshake: Version response received (ret=12, attempt=1).
18:52:12.707  [AA] SSL handshake complete. Session id: fnAnjKgO9o4GR+t6nFGQp/LcPDjW+TR4fdbCZ5OI9vU=
18:52:12.708  [AA] Handshake: Status OK sent (8). Handshake successful.
18:52:12.708  [AA] handshake OK — pointing decoder at encoder surface and starting read loop
18:52:12.708  [AA] New surface set: Surface(name=null mNativeObject=-5476376635659470640)/@0x2f3393
18:52:12.708  [AA] Start Aap transport read loop
18:52:12.716  [AA] read loop started — expecting ServiceDiscovery then video
18:52:12.760  [AA] Service Discovery Request: Android
18:52:12.936  [AA] Channel Open Request on chan 1 SENSOR
18:52:12.948  [AA] Channel Open Request on chan 3 INPUT
18:52:12.948  [AA] Channel Open Request on chan 2 VIDEO
18:52:12.950  [AA] Channel Open Request on chan 5 AUDIO2
18:52:12.950  [AA] Channel Open Request on chan 7 MIC
18:52:12.952  [AA] Sensor Start Request sensor: DRIVING_STATUS, minUpdatePeriod: 0
18:52:12.953  [AA] Audio Focus Request: RELEASE
18:52:12.962  [AA] W: AapVideo: Dropped Flag 11 packet. len=4
18:52:12.963  [AA] Media Sink Setup Request: 3 on channel VIDEO
18:52:12.988  [AA] Config response: status: HEADUNIT
max_unacked: 12
configuration_indices: 0
 (maxUnacked=12)
18:52:12.988  [AA] Video channel set up → sending VideoFocus GAIN
18:52:12.991  [AA] Sensor Start Request sensor: NIGHT, minUpdatePeriod: 0
18:52:12.991  [AA] Media Sink Setup Request: 1 on channel AUDIO2
18:52:12.992  [AA] Config response: status: HEADUNIT
max_unacked: 16
configuration_indices: 0
 (maxUnacked=16)
18:52:13.001  [AA] W: AapVideo: Dropped Flag 11 packet. len=6
18:52:13.003  [AA] Media Start Request VIDEO: session=0, config_index=0
18:52:13.828  [AA] H.264 SPS parsed: 800x480
18:52:13.907  [AA] findBestCodec: hw=c2.exynos.h264.decoder, sw=c2.android.avc.decoder, preferHardware=true, selected=c2.exynos.h264.decoder
18:52:13.958  [AA] Configuring decoder: c2.exynos.h264.decoder for 800x480
18:52:13.973  [AA] Codec initialized: c2.exynos.h264.decoder
18:52:13.974  [AA] Output thread started
18:52:13.994  [AA] W: AapVideo: Dropped Flag 11 packet. len=6
18:52:13.996  [AA] RX: Video Focus Request - mode: VIDEO_FOCUS_PROJECTED, reason: UNKNOWN
18:52:13.998  [AA] Output Format Changed: {crop-right=799, max-height=480, sar-width=1, color-format=2130708361, mime=video/raw, cta861.max-cll=0.0, priority=0, color-standard=1, cta861.max-fall=0.0, color-transfer=3, sar-height=1, crop-bottom=479, max-width=800, crop-left=0, width=800, color-range=2, crop-top=0, rotation-degrees=0, height=480}
18:52:14.058  [VIDEO] got codec config (SPS/PPS) 28b
18:52:15.011  [AA] decode fps=31
18:52:15.012  [AA] steady video reached (fps=31) — signalling ready for bike hand-off
18:52:15.028  → Android Auto video is live — opening bike QR scanner
18:52:16.303  [AA] decode fps=12
18:52:17.328  [AA] decode fps=29
18:52:18.025  QR raw: http://www.carbit.com.cn/downsdk/657/658/_sdk?modelid=37426&sn=xHF0&action=1&ssid=CFMOTO1565&pwd=94cdfdb4&uid=6WWV0000AL3B734070000418
18:52:18.038  QR parsed: ssid=CFMOTO1565 mac=null action=1 (ap=true, p2p=false) modelId=37426 sn=xHF0
18:52:18.078  requesting Wi-Fi join: CFMOTO1565 …
18:52:18.428  [AA] decode fps=26
18:52:19.455  [AA] decode fps=27
18:52:20.473  [AA] decode fps=30
18:52:21.477  [AA] decode fps=29
18:52:22.480  [AA] decode fps=29
18:52:22.874  Wi-Fi joined: CFMOTO1565 (network=409, bound)
18:52:22.875  → Wi-Fi bound; starting EasyConn PXC flow …
18:52:22.875  ---- environment ----
18:52:22.875  Build: Google Pixel 9 / Android 16 (SDK 36)
18:52:22.876  linkProps iface=wlan1 addrs=[fe80::2012:8cff:fe74:25e3/64, 192.168.43.101/24] routes=[fe80::/64 -> :: wlan1 mtu 0, 192.168.43.0/24 -> 0.0.0.0 wlan1 mtu 0, 0.0.0.0/0 -> 192.168.43.1 wlan1 mtu 0]
18:52:22.876  ---------------------
18:52:22.878  our IP=192.168.43.101  bike IP=192.168.43.1
18:52:22.894  listening on 192.168.43.101 ports [10922, 10921, 10920]
18:52:22.896  [PROBE] connect #1 -> 192.168.43.1:10930
18:52:22.912  [PROBE] -> MDNS_RESPOND (0x70000010) {"phoneType":"Android","packageName":"com.cfmoto.cfmotointernational"}
18:52:22.929  [PROBE] <- cmd=0x70000011 {"status":true}

18:52:22.929  [PROBE] *** accepted — bike should now connect back to our ports ***
18:52:22.937  [:10922] <<< bike connected from /192.168.43.1:46452
18:52:22.942  [:10922] framing=CmdBaseHead (PXC control)
18:52:22.943  [:10922] bike selected CAR_CTRL (0x10000) → ack 0x10001
18:52:22.948  [:10922] *** CLIENT_INFO from bike *** {
   "HUID" : "6WWV0000AL3B734070000418",
   "HUName" : "Android_5d5a",
   "bluetoothPolicy" : 2,
   "btAddress" : "",
   "btName" : "",
   "btPin" : "",
   "carBrand" : "test-car-brand",
   "carConfig" : "test-car-config",
   "carMicSupportFeature" : 0,
   "carModel" : "test-car-model",
   "channel" : "37426",
   "currentHUTime" : 154872,
   "disablePageInRVMap" : 0,
   "disableShowCallInfo" : false,
   "disableVR" : false,
   "dpi" : 0,
   "enableDPI" : false,
   "enableSockServerAuth" : true,
   "flavor" : 65540,
   "mirrorMode" : 0,
   "package_name" : "com.cfmoto.easyconnect",
   "productType" : 3,
   "pxcVersion" : "1.0.2",
   "screenType" : 1,
   "sdkVersion" : "1.1.2",
   "socketTimeoutPeriodWifi" : 9,
   "steeringMode" : 0,
   "supportBTCall" : false,
   "supportBTSetting" : false,
   "supportBackDesktop" : false,
   "supportBackDesktopNew" : false,
   "supportConnect" : 776,
   "supportDownloadScreenEvt" : true,
   "supportFunction" : 128,
   "supportHID" : true,
   "supportLandscapeAdaptive" : true,
   "supportMic" : false,
   "supportMirrorOverlayTouch" : true,
   "supportMirrorReconnect" : true,
   "supportOTASpeenUp" : true,
   "supportOTAUpdate" : true,
   "supportPhoneSignal" : true,
   "supportRVForAdb" : false,
   "supportScreenMirroring" : true,
   "supportScreenTouch" : true,
   "supportSpeechEngine" : 2,
   "supportSyncCorrectTime" : true,
   "supportThirdPartyApp" : false,
   "transportType" : 2,
   "useBTCallRecords" : false,
   "uuid" : "xHF0",
   "version_code" : "0",
   "version_name" : "CFDL26.2.3.0.5",
   "wakeupWord" : ""
}

18:52:22.952  [:10922] carHuid=6WWV0000AL3B734070000418 HUName=Android_5d5a channel=37426
18:52:23.026  [:10922] → CLIENT_INFO reply {"pxcVersion":"1.0.2","phoneUUID":"4b323b1f-e091-46ff-96ad-3be5dfeb9857","phoneBrand":"google","phoneModel":"Pixel 9","phoneOsVersion":"36","phoneOs":"Android","package":"com.cfmot…
18:52:23.033  [:10922] QUERY_SPEED {
   "usbSpeed" : 0,
   "wifiSpeed" : 0
}
 → reply 0x10691
18:52:23.043  [:10922] <<< bike connected from /192.168.43.1:46454
18:52:23.045  [:10922] framing=CmdBaseHead (PXC control)
18:52:23.045  [:10922] bike selected CAR_DATA (0x20000) → ack 0x20001
18:52:23.054  [:10922] FTP_INFO {
   "port" : 11021,
   "pwd" : "$Siwei2018@",
   "userName" : "carbit_ec_ftp_ota"
}
 → reply 0x103a1
18:52:23.060  [:10922] cmd=0x10020 (?) len=104 {
   "autoChangeToBT" : false,
   "music" : true,
   "talkie" : true,
   "tts" : true,
   "vr" : true
}

18:52:23.486  [AA] decode fps=29
18:52:24.514  [AA] decode fps=30
18:52:25.560  [AA] decode fps=29
18:52:26.581  [AA] decode fps=30
18:52:27.582  [AA] decode fps=29
18:52:27.902  hb#1 probed=true video=false framesSent=0 openServers=3
18:52:28.610  [AA] decode fps=30
